Using pre-set license
Built from '2022.3/staging' branch; Version is '2022.3.30f1 (70558241b701) revision 7361922'; Using compiler version '192829333'; Build Type 'Release'
OS: 'Windows 11  (10.0.22631) 64bit Professional' Language: 'en' Physical Memory: 31895 MB
BatchMode: 1, IsHumanControllingUs: 0, StartBugReporterOnCrash: 0, Is64bit: 1, IsPro: 1

COMMAND LINE ARGUMENTS:
C:\Program Files\Unity\Hub\Editor\2022.3.30f1\Editor\Unity.exe
-adb2
-batchMode
-noUpm
-name
AssetImportWorker5
-projectPath
C:/CAM Projects/Fighter Planes F24
-logFile
Logs/AssetImportWorker5.log
-srvPort
51457
Successfully changed project path to: C:/CAM Projects/Fighter Planes F24
C:/CAM Projects/Fighter Planes F24
[UnityMemory] Configuration Parameters - Can be set up in boot.config
    "memorysetup-bucket-allocator-granularity=16"
    "memorysetup-bucket-allocator-bucket-count=8"
    "memorysetup-bucket-allocator-block-size=33554432"
    "memorysetup-bucket-allocator-block-count=8"
    "memorysetup-main-allocator-block-size=16777216"
    "memorysetup-thread-allocator-block-size=16777216"
    "memorysetup-gfx-main-allocator-block-size=16777216"
    "memorysetup-gfx-thread-allocator-block-size=16777216"
    "memorysetup-cache-allocator-block-size=4194304"
    "memorysetup-typetree-allocator-block-size=2097152"
    "memorysetup-profiler-bucket-allocator-granularity=16"
    "memorysetup-profiler-bucket-allocator-bucket-count=8"
    "memorysetup-profiler-bucket-allocator-block-size=33554432"
    "memorysetup-profiler-bucket-allocator-block-count=8"
    "memorysetup-profiler-allocator-block-size=16777216"
    "memorysetup-profiler-editor-allocator-block-size=1048576"
    "memorysetup-temp-allocator-size-main=16777216"
    "memorysetup-job-temp-allocator-block-size=2097152"
    "memorysetup-job-temp-allocator-block-size-background=1048576"
    "memorysetup-job-temp-allocator-reduction-small-platforms=262144"
    "memorysetup-allocator-temp-initial-block-size-main=262144"
    "memorysetup-allocator-temp-initial-block-size-worker=262144"
    "memorysetup-temp-allocator-size-background-worker=32768"
    "memorysetup-temp-allocator-size-job-worker=262144"
    "memorysetup-temp-allocator-size-preload-manager=33554432"
    "memorysetup-temp-allocator-size-nav-mesh-worker=65536"
    "memorysetup-temp-allocator-size-audio-worker=65536"
    "memorysetup-temp-allocator-size-cloud-worker=32768"
    "memorysetup-temp-allocator-size-gi-baking-worker=262144"
    "memorysetup-temp-allocator-size-gfx=262144"
Player connection [2744] Host "[IP] 172.20.7.8 [Port] 0 [Flags] 2 [Guid] 2599521921 [EditorId] 2599521921 [Version] 1048832 [Id] WindowsEditor(7,WillPC) [Debug] 1 [PackageName] WindowsEditor [ProjectName] Editor" joined multi-casting on [225.0.0.222:54997]...

Player connection [2744] Host "[IP] 172.20.7.8 [Port] 0 [Flags] 2 [Guid] 2599521921 [EditorId] 2599521921 [Version] 1048832 [Id] WindowsEditor(7,WillPC) [Debug] 1 [PackageName] WindowsEditor [ProjectName] Editor" joined alternative multi-casting on [225.0.0.222:34997]...

[Physics::Module] Initialized MultithreadedJobDispatcher with 23 workers.
Refreshing native plugins compatible for Editor in 5.22 ms, found 3 plugins.
Preloading 0 native plugins for Editor in 0.00 ms.
Initialize engine version: 2022.3.30f1 (70558241b701)
[Subsystems] Discovering subsystems at path C:/Program Files/Unity/Hub/Editor/2022.3.30f1/Editor/Data/Resources/UnitySubsystems
[Subsystems] Discovering subsystems at path C:/CAM Projects/Fighter Planes F24/Assets
GfxDevice: creating device client; threaded=0; jobified=0
Direct3D:
    Version:  Direct3D 11.0 [level 11.1]
    Renderer: AMD Radeon RX 7900 XT (ID=0x744c)
    Vendor:   ATI
    VRAM:     20416 MB
    Driver:   32.0.11029.1008
Initialize mono
Mono path[0] = 'C:/Program Files/Unity/Hub/Editor/2022.3.30f1/Editor/Data/Managed'
Mono path[1] = 'C:/Program Files/Unity/Hub/Editor/2022.3.30f1/Editor/Data/MonoBleedingEdge/lib/mono/unityjit-win32'
Mono config path = 'C:/Program Files/Unity/Hub/Editor/2022.3.30f1/Editor/Data/MonoBleedingEdge/etc'
Using monoOptions --debugger-agent=transport=dt_socket,embedding=1,server=y,suspend=n,address=127.0.0.1:56688
Begin MonoManager ReloadAssembly
Registering precompiled unity dll's ...
Register platform support module: C:/Program Files/Unity/Hub/Editor/2022.3.30f1/Editor/Data/PlaybackEngines/WindowsStandaloneSupport/UnityEditor.WindowsStandalone.Extensions.dll
Registered in 0.005144 seconds.
- Loaded All Assemblies, in  0.178 seconds
Native extension for WindowsStandalone target not found
Mono: successfully reloaded assembly
- Finished resetting the current domain, in  0.135 seconds
Domain Reload Profiling: 312ms
	BeginReloadAssembly (57ms)
		ExecutionOrderSort (0ms)
		DisableScriptedObjects (0ms)
		BackupInstance (0ms)
		ReleaseScriptingObjects (0ms)
		CreateAndSetChildDomain (0ms)
	RebuildCommonClasses (17ms)
	RebuildNativeTypeToScriptingClass (6ms)
	initialDomainReloadingComplete (32ms)
	LoadAllAssembliesAndSetupDomain (65ms)
		LoadAssemblies (56ms)
		RebuildTransferFunctionScriptingTraits (0ms)
		AnalyzeDomain (64ms)
			TypeCache.Refresh (64ms)
				TypeCache.ScanAssembly (57ms)
			ScanForSourceGeneratedMonoScriptInfo (0ms)
			ResolveRequiredComponents (0ms)
	FinalizeReload (135ms)
		ReleaseScriptCaches (0ms)
		RebuildScriptCaches (0ms)
		SetupLoadedEditorAssemblies (107ms)
			LogAssemblyErrors (0ms)
			InitializePlatformSupportModulesInManaged (5ms)
			SetLoadedEditorAssemblies (4ms)
			RefreshPlugins (0ms)
			BeforeProcessingInitializeOnLoad (1ms)
			ProcessInitializeOnLoadAttributes (74ms)
			ProcessInitializeOnLoadMethodAttributes (24ms)
			AfterProcessingInitializeOnLoad (0ms)
			EditorAssembliesLoaded (0ms)
		ExecutionOrderSort2 (0ms)
		AwakeInstancesAfterBackupRestoration (0ms)
========================================================================
Worker process is ready to serve import requests
Begin MonoManager ReloadAssembly
- Loaded All Assemblies, in  0.313 seconds
Refreshing native plugins compatible for Editor in 2.47 ms, found 3 plugins.
Native extension for WindowsStandalone target not found
Package Manager log level set to [2]
[Package Manager] Server::EnsureServerProcessIsRunning -- launch failed, reason: Unity was launched with the -noUpm command-line argument
[Package Manager] UpmClient::Send -- Unable to send message (not connected to UPM process).
[Package Manager] Cannot connect to Unity Package Manager local server
Mono: successfully reloaded assembly
- Finished resetting the current domain, in  0.312 seconds
Domain Reload Profiling: 623ms
	BeginReloadAssembly (78ms)
		ExecutionOrderSort (0ms)
		DisableScriptedObjects (3ms)
		BackupInstance (0ms)
		ReleaseScriptingObjects (0ms)
		CreateAndSetChildDomain (13ms)
	RebuildCommonClasses (16ms)
	RebuildNativeTypeToScriptingClass (6ms)
	initialDomainReloadingComplete (23ms)
	LoadAllAssembliesAndSetupDomain (187ms)
		LoadAssemblies (149ms)
		RebuildTransferFunctionScriptingTraits (0ms)
		AnalyzeDomain (84ms)
			TypeCache.Refresh (74ms)
				TypeCache.ScanAssembly (67ms)
			ScanForSourceGeneratedMonoScriptInfo (7ms)
			ResolveRequiredComponents (2ms)
	FinalizeReload (313ms)
		ReleaseScriptCaches (0ms)
		RebuildScriptCaches (0ms)
		SetupLoadedEditorAssemblies (242ms)
			LogAssemblyErrors (0ms)
			InitializePlatformSupportModulesInManaged (3ms)
			SetLoadedEditorAssemblies (2ms)
			RefreshPlugins (0ms)
			BeforeProcessingInitializeOnLoad (32ms)
			ProcessInitializeOnLoadAttributes (190ms)
			ProcessInitializeOnLoadMethodAttributes (10ms)
			AfterProcessingInitializeOnLoad (5ms)
			EditorAssembliesLoaded (0ms)
		ExecutionOrderSort2 (0ms)
		AwakeInstancesAfterBackupRestoration (4ms)
Launched and connected shader compiler UnityShaderCompiler.exe after 0.02 seconds
Refreshing native plugins compatible for Editor in 2.07 ms, found 3 plugins.
Preloading 0 native plugins for Editor in 0.00 ms.
Unloading 3114 Unused Serialized files (Serialized files now loaded: 0)
Unloading 33 unused Assets / (57.7 KB). Loaded Objects now: 3574.
Memory consumption went from 123.9 MB to 123.8 MB.
Total: 1.868300 ms (FindLiveObjects: 0.179500 ms CreateObjectMapping: 0.062300 ms MarkObjects: 1.565300 ms  DeleteObjects: 0.060700 ms)

AssetImportParameters requested are different than current active one (requested -> active):
  custom:container-demuxer-ogg: 62fdf1f143b41e24485cea50d1cbac27 -> 
  custom:video-decoder-ogg-theora: a1e56fd34408186e4bbccfd4996cb3dc -> 
  custom:framework-win-MediaFoundation: 216162199b28c13a410421893ffa2e32 -> 
  custom:CustomObjectIndexerAttribute: 9a22284fe3817be447336de3de66b15e -> 
  custom:container-demuxer-webm: 4f35f7cbe854078d1ac9338744f61a02 -> 
  custom:container-muxer-webm: aa71ff27fc2769a1b78a27578f13a17b -> 
  custom:video-decoder-webm-vp8: 9c59270c3fd7afecdb556c50c9e8de78 -> 
  custom:SearchIndexIgnoredProperties: e643bd26f0fe6173181afceb89e7c659 -> 
  custom:AudioImporter_EditorPlatform: d09bf68614088b80899f8185d706f6e7 -> 
  custom:video-encoder-webm-vp8: eb34c28f22e8b96e1ab97ce403110664 -> 
  custom:audio-decoder-ogg-vorbis: bf7c407c2cedff20999df2af8eb42d56 -> 
  custom:audio-encoder-webm-vorbis: bf7c407c2cedff20999df2af8eb42d56 -> 
========================================================================
Received Prepare
Begin MonoManager ReloadAssembly
- Loaded All Assemblies, in  0.252 seconds
Refreshing native plugins compatible for Editor in 2.66 ms, found 3 plugins.
Native extension for WindowsStandalone target not found
[Package Manager] Server::EnsureServerProcessIsRunning -- launch failed, reason: Unity was launched with the -noUpm command-line argument
[Package Manager] UpmClient::Send -- Unable to send message (not connected to UPM process).
[Package Manager] Cannot connect to Unity Package Manager local server
Mono: successfully reloaded assembly
- Finished resetting the current domain, in  0.589 seconds
Domain Reload Profiling: 839ms
	BeginReloadAssembly (92ms)
		ExecutionOrderSort (0ms)
		DisableScriptedObjects (2ms)
		BackupInstance (0ms)
		ReleaseScriptingObjects (0ms)
		CreateAndSetChildDomain (22ms)
	RebuildCommonClasses (17ms)
	RebuildNativeTypeToScriptingClass (6ms)
	initialDomainReloadingComplete (18ms)
	LoadAllAssembliesAndSetupDomain (117ms)
		LoadAssemblies (154ms)
		RebuildTransferFunctionScriptingTraits (0ms)
		AnalyzeDomain (9ms)
			TypeCache.Refresh (4ms)
				TypeCache.ScanAssembly (0ms)
			ScanForSourceGeneratedMonoScriptInfo (0ms)
			ResolveRequiredComponents (3ms)
	FinalizeReload (590ms)
		ReleaseScriptCaches (0ms)
		RebuildScriptCaches (0ms)
		SetupLoadedEditorAssemblies (278ms)
			LogAssemblyErrors (0ms)
			InitializePlatformSupportModulesInManaged (3ms)
			SetLoadedEditorAssemblies (2ms)
			RefreshPlugins (0ms)
			BeforeProcessingInitializeOnLoad (34ms)
			ProcessInitializeOnLoadAttributes (218ms)
			ProcessInitializeOnLoadMethodAttributes (12ms)
			AfterProcessingInitializeOnLoad (7ms)
			EditorAssembliesLoaded (0ms)
		ExecutionOrderSort2 (0ms)
		AwakeInstancesAfterBackupRestoration (7ms)
Refreshing native plugins compatible for Editor in 2.45 ms, found 3 plugins.
Preloading 0 native plugins for Editor in 0.00 ms.
Unloading 3094 Unused Serialized files (Serialized files now loaded: 0)
Unloading 24 unused Assets / (31.6 KB). Loaded Objects now: 3577.
Memory consumption went from 119.9 MB to 119.9 MB.
Total: 1.820900 ms (FindLiveObjects: 0.180200 ms CreateObjectMapping: 0.038100 ms MarkObjects: 1.570900 ms  DeleteObjects: 0.030900 ms)

Prepare: number of updated asset objects reloaded= 0
AssetImportParameters requested are different than current active one (requested -> active):
  custom:container-demuxer-ogg: 62fdf1f143b41e24485cea50d1cbac27 -> 
  custom:video-decoder-ogg-theora: a1e56fd34408186e4bbccfd4996cb3dc -> 
  custom:framework-win-MediaFoundation: 216162199b28c13a410421893ffa2e32 -> 
  custom:CustomObjectIndexerAttribute: 9a22284fe3817be447336de3de66b15e -> 
  custom:container-demuxer-webm: 4f35f7cbe854078d1ac9338744f61a02 -> 
  custom:container-muxer-webm: aa71ff27fc2769a1b78a27578f13a17b -> 
  custom:video-decoder-webm-vp8: 9c59270c3fd7afecdb556c50c9e8de78 -> 
  custom:SearchIndexIgnoredProperties: e643bd26f0fe6173181afceb89e7c659 -> 
  custom:AudioImporter_EditorPlatform: d09bf68614088b80899f8185d706f6e7 -> 
  custom:video-encoder-webm-vp8: eb34c28f22e8b96e1ab97ce403110664 -> 
  custom:audio-decoder-ogg-vorbis: bf7c407c2cedff20999df2af8eb42d56 -> 
  custom:audio-encoder-webm-vorbis: bf7c407c2cedff20999df2af8eb42d56 -> 
========================================================================
Received Prepare
Begin MonoManager ReloadAssembly
- Loaded All Assemblies, in  0.232 seconds
Refreshing native plugins compatible for Editor in 2.63 ms, found 3 plugins.
Native extension for WindowsStandalone target not found
[Package Manager] Server::EnsureServerProcessIsRunning -- launch failed, reason: Unity was launched with the -noUpm command-line argument
[Package Manager] UpmClient::Send -- Unable to send message (not connected to UPM process).
[Package Manager] Cannot connect to Unity Package Manager local server
Mono: successfully reloaded assembly
- Finished resetting the current domain, in  0.534 seconds
Domain Reload Profiling: 765ms
	BeginReloadAssembly (88ms)
		ExecutionOrderSort (0ms)
		DisableScriptedObjects (2ms)
		BackupInstance (0ms)
		ReleaseScriptingObjects (0ms)
		CreateAndSetChildDomain (20ms)
	RebuildCommonClasses (16ms)
	RebuildNativeTypeToScriptingClass (6ms)
	initialDomainReloadingComplete (17ms)
	LoadAllAssembliesAndSetupDomain (103ms)
		LoadAssemblies (140ms)
		RebuildTransferFunctionScriptingTraits (0ms)
		AnalyzeDomain (7ms)
			TypeCache.Refresh (3ms)
				TypeCache.ScanAssembly (0ms)
			ScanForSourceGeneratedMonoScriptInfo (0ms)
			ResolveRequiredComponents (3ms)
	FinalizeReload (535ms)
		ReleaseScriptCaches (0ms)
		RebuildScriptCaches (0ms)
		SetupLoadedEditorAssemblies (243ms)
			LogAssemblyErrors (0ms)
			InitializePlatformSupportModulesInManaged (4ms)
			SetLoadedEditorAssemblies (2ms)
			RefreshPlugins (0ms)
			BeforeProcessingInitializeOnLoad (33ms)
			ProcessInitializeOnLoadAttributes (185ms)
			ProcessInitializeOnLoadMethodAttributes (12ms)
			AfterProcessingInitializeOnLoad (7ms)
			EditorAssembliesLoaded (0ms)
		ExecutionOrderSort2 (0ms)
		AwakeInstancesAfterBackupRestoration (5ms)
Refreshing native plugins compatible for Editor in 2.15 ms, found 3 plugins.
Preloading 0 native plugins for Editor in 0.00 ms.
Unloading 3094 Unused Serialized files (Serialized files now loaded: 0)
Unloading 24 unused Assets / (31.6 KB). Loaded Objects now: 3580.
Memory consumption went from 119.9 MB to 119.9 MB.
Total: 2.124200 ms (FindLiveObjects: 0.233800 ms CreateObjectMapping: 0.043000 ms MarkObjects: 1.815600 ms  DeleteObjects: 0.031300 ms)

Prepare: number of updated asset objects reloaded= 0
AssetImportParameters requested are different than current active one (requested -> active):
  custom:container-demuxer-ogg: 62fdf1f143b41e24485cea50d1cbac27 -> 
  custom:video-decoder-ogg-theora: a1e56fd34408186e4bbccfd4996cb3dc -> 
  custom:framework-win-MediaFoundation: 216162199b28c13a410421893ffa2e32 -> 
  custom:CustomObjectIndexerAttribute: 9a22284fe3817be447336de3de66b15e -> 
  custom:container-demuxer-webm: 4f35f7cbe854078d1ac9338744f61a02 -> 
  custom:container-muxer-webm: aa71ff27fc2769a1b78a27578f13a17b -> 
  custom:video-decoder-webm-vp8: 9c59270c3fd7afecdb556c50c9e8de78 -> 
  custom:SearchIndexIgnoredProperties: e643bd26f0fe6173181afceb89e7c659 -> 
  custom:AudioImporter_EditorPlatform: d09bf68614088b80899f8185d706f6e7 -> 
  custom:video-encoder-webm-vp8: eb34c28f22e8b96e1ab97ce403110664 -> 
  custom:audio-decoder-ogg-vorbis: bf7c407c2cedff20999df2af8eb42d56 -> 
  custom:audio-encoder-webm-vorbis: bf7c407c2cedff20999df2af8eb42d56 -> 
========================================================================
Received Prepare
Begin MonoManager ReloadAssembly
- Loaded All Assemblies, in  0.230 seconds
Refreshing native plugins compatible for Editor in 2.38 ms, found 3 plugins.
Native extension for WindowsStandalone target not found
[Package Manager] Server::EnsureServerProcessIsRunning -- launch failed, reason: Unity was launched with the -noUpm command-line argument
[Package Manager] UpmClient::Send -- Unable to send message (not connected to UPM process).
[Package Manager] Cannot connect to Unity Package Manager local server
Mono: successfully reloaded assembly
- Finished resetting the current domain, in  0.554 seconds
Domain Reload Profiling: 783ms
	BeginReloadAssembly (87ms)
		ExecutionOrderSort (0ms)
		DisableScriptedObjects (2ms)
		BackupInstance (0ms)
		ReleaseScriptingObjects (0ms)
		CreateAndSetChildDomain (19ms)
	RebuildCommonClasses (16ms)
	RebuildNativeTypeToScriptingClass (6ms)
	initialDomainReloadingComplete (17ms)
	LoadAllAssembliesAndSetupDomain (102ms)
		LoadAssemblies (139ms)
		RebuildTransferFunctionScriptingTraits (0ms)
		AnalyzeDomain (7ms)
			TypeCache.Refresh (3ms)
				TypeCache.ScanAssembly (0ms)
			ScanForSourceGeneratedMonoScriptInfo (0ms)
			ResolveRequiredComponents (3ms)
	FinalizeReload (554ms)
		ReleaseScriptCaches (0ms)
		RebuildScriptCaches (0ms)
		SetupLoadedEditorAssemblies (262ms)
			LogAssemblyErrors (0ms)
			InitializePlatformSupportModulesInManaged (4ms)
			SetLoadedEditorAssemblies (2ms)
			RefreshPlugins (0ms)
			BeforeProcessingInitializeOnLoad (33ms)
			ProcessInitializeOnLoadAttributes (207ms)
			ProcessInitializeOnLoadMethodAttributes (11ms)
			AfterProcessingInitializeOnLoad (5ms)
			EditorAssembliesLoaded (0ms)
		ExecutionOrderSort2 (0ms)
		AwakeInstancesAfterBackupRestoration (4ms)
Refreshing native plugins compatible for Editor in 2.54 ms, found 3 plugins.
Preloading 0 native plugins for Editor in 0.00 ms.
Unloading 3094 Unused Serialized files (Serialized files now loaded: 0)
Unloading 24 unused Assets / (31.7 KB). Loaded Objects now: 3583.
Memory consumption went from 119.9 MB to 119.9 MB.
Total: 1.952100 ms (FindLiveObjects: 0.184900 ms CreateObjectMapping: 0.038900 ms MarkObjects: 1.693700 ms  DeleteObjects: 0.034200 ms)

Prepare: number of updated asset objects reloaded= 0
AssetImportParameters requested are different than current active one (requested -> active):
  custom:container-demuxer-ogg: 62fdf1f143b41e24485cea50d1cbac27 -> 
  custom:video-decoder-ogg-theora: a1e56fd34408186e4bbccfd4996cb3dc -> 
  custom:framework-win-MediaFoundation: 216162199b28c13a410421893ffa2e32 -> 
  custom:CustomObjectIndexerAttribute: 9a22284fe3817be447336de3de66b15e -> 
  custom:container-demuxer-webm: 4f35f7cbe854078d1ac9338744f61a02 -> 
  custom:container-muxer-webm: aa71ff27fc2769a1b78a27578f13a17b -> 
  custom:video-decoder-webm-vp8: 9c59270c3fd7afecdb556c50c9e8de78 -> 
  custom:SearchIndexIgnoredProperties: e643bd26f0fe6173181afceb89e7c659 -> 
  custom:AudioImporter_EditorPlatform: d09bf68614088b80899f8185d706f6e7 -> 
  custom:video-encoder-webm-vp8: eb34c28f22e8b96e1ab97ce403110664 -> 
  custom:audio-decoder-ogg-vorbis: bf7c407c2cedff20999df2af8eb42d56 -> 
  custom:audio-encoder-webm-vorbis: bf7c407c2cedff20999df2af8eb42d56 -> 
========================================================================
Received Import Request.
  Time since last request: 6568.936433 seconds.
  path: Assets/Sprites/Explosion/Explosion_00001.png
  artifactKey: Guid(99da967972dc31944a03acfc536b3660) Importer(815301076,1909f56bfc062723c751e8b465ee728b)
Start importing Assets/Sprites/Explosion/Explosion_00001.png using Guid(99da967972dc31944a03acfc536b3660) Importer(815301076,1909f56bfc062723c751e8b465ee728b)  -> (artifact id: 'f9773aa8d3deab4184c516a34fa7ee10') in 0.058395 seconds
Number of updated asset objects reloaded before import = 0
Number of asset objects unloaded after import = 3
========================================================================
Received Import Request.
  Time since last request: 0.000012 seconds.
  path: Assets/Sprites/Explosion/Explosion_00102.png
  artifactKey: Guid(c5d3b8a84e145d5469d9952d602a28af) Importer(815301076,1909f56bfc062723c751e8b465ee728b)
Start importing Assets/Sprites/Explosion/Explosion_00102.png using Guid(c5d3b8a84e145d5469d9952d602a28af) Importer(815301076,1909f56bfc062723c751e8b465ee728b)  -> (artifact id: '88da1f52a96e9dafae00566fee2178d0') in 0.009239 seconds
Number of updated asset objects reloaded before import = 0
Number of asset objects unloaded after import = 3
========================================================================
Received Import Request.
  Time since last request: 0.000020 seconds.
  path: Assets/Sprites/Explosion/Explosion_00037.png
  artifactKey: Guid(8708e9f56a3c6c148952f7610c1c23ad) Importer(815301076,1909f56bfc062723c751e8b465ee728b)
Start importing Assets/Sprites/Explosion/Explosion_00037.png using Guid(8708e9f56a3c6c148952f7610c1c23ad) Importer(815301076,1909f56bfc062723c751e8b465ee728b)  -> (artifact id: '06ad1aaed8ed755698e97a6d3cf8b4b4') in 0.009466 seconds
Number of updated asset objects reloaded before import = 0
Number of asset objects unloaded after import = 3
========================================================================
Received Import Request.
  Time since last request: 0.000010 seconds.
  path: Assets/Sprites/Explosion/Explosion_00153.png
  artifactKey: Guid(95a3221a0f2658642a9facd1678f6afb) Importer(815301076,1909f56bfc062723c751e8b465ee728b)
Start importing Assets/Sprites/Explosion/Explosion_00153.png using Guid(95a3221a0f2658642a9facd1678f6afb) Importer(815301076,1909f56bfc062723c751e8b465ee728b)  -> (artifact id: '8bc7bfadfd227d62efa781152c0bfb5b') in 0.010671 seconds
Number of updated asset objects reloaded before import = 0
Number of asset objects unloaded after import = 3
========================================================================
Received Import Request.
  Time since last request: 0.000013 seconds.
  path: Assets/Sprites/Explosion/Explosion_00081.png
  artifactKey: Guid(a5f2292f3fe014e4fab99a2b1f3eec46) Importer(815301076,1909f56bfc062723c751e8b465ee728b)
Start importing Assets/Sprites/Explosion/Explosion_00081.png using Guid(a5f2292f3fe014e4fab99a2b1f3eec46) Importer(815301076,1909f56bfc062723c751e8b465ee728b)  -> (artifact id: '4d6af5e8d649c43f8149075539285733') in 0.011621 seconds
Number of updated asset objects reloaded before import = 0
Number of asset objects unloaded after import = 3
========================================================================
Received Import Request.
  Time since last request: 0.000014 seconds.
  path: Assets/Sprites/Explosion/Explosion_00023.png
  artifactKey: Guid(17bd233720478eb489e9ef6aaff2b97b) Importer(815301076,1909f56bfc062723c751e8b465ee728b)
Start importing Assets/Sprites/Explosion/Explosion_00023.png using Guid(17bd233720478eb489e9ef6aaff2b97b) Importer(815301076,1909f56bfc062723c751e8b465ee728b)  -> (artifact id: '456ac91cf2ce3f72b27ef8448b6b057a') in 0.009062 seconds
Number of updated asset objects reloaded before import = 0
Number of asset objects unloaded after import = 3
========================================================================
Received Import Request.
  Time since last request: 0.000010 seconds.
  path: Assets/Sprites/Explosion/Explosion_00026.png
  artifactKey: Guid(3d72ae9cbcdb5d243b55f2cdcae43f1b) Importer(815301076,1909f56bfc062723c751e8b465ee728b)
Start importing Assets/Sprites/Explosion/Explosion_00026.png using Guid(3d72ae9cbcdb5d243b55f2cdcae43f1b) Importer(815301076,1909f56bfc062723c751e8b465ee728b)  -> (artifact id: 'e95a8826a58b547fdd5057d1392c8f7e') in 0.008325 seconds
Number of updated asset objects reloaded before import = 0
Number of asset objects unloaded after import = 3
========================================================================
Received Import Request.
  Time since last request: 0.000008 seconds.
  path: Assets/Sprites/Explosion/Explosion_00080.png
  artifactKey: Guid(9ea300276a04aa441b9a085b49e32f89) Importer(815301076,1909f56bfc062723c751e8b465ee728b)
Start importing Assets/Sprites/Explosion/Explosion_00080.png using Guid(9ea300276a04aa441b9a085b49e32f89) Importer(815301076,1909f56bfc062723c751e8b465ee728b)  -> (artifact id: '3d231f5f2c3fd50d52467d47fa505160') in 0.009637 seconds
Number of updated asset objects reloaded before import = 0
Number of asset objects unloaded after import = 3
========================================================================
Received Import Request.
  Time since last request: 0.000012 seconds.
  path: Assets/Sprites/Explosion/Explosion_00010.png
  artifactKey: Guid(98a1c0b858e5cb74291ef75fc75d7d15) Importer(815301076,1909f56bfc062723c751e8b465ee728b)
Start importing Assets/Sprites/Explosion/Explosion_00010.png using Guid(98a1c0b858e5cb74291ef75fc75d7d15) Importer(815301076,1909f56bfc062723c751e8b465ee728b)  -> (artifact id: 'a65402a065870a6e25872eddc99aa1ff') in 0.008171 seconds
Number of updated asset objects reloaded before import = 0
Number of asset objects unloaded after import = 3
========================================================================
Received Import Request.
  Time since last request: 0.000012 seconds.
  path: Assets/Sprites/Explosion/Explosion_00056.png
  artifactKey: Guid(b92a46b574ca8034f823f9d2a9f85583) Importer(815301076,1909f56bfc062723c751e8b465ee728b)
Start importing Assets/Sprites/Explosion/Explosion_00056.png using Guid(b92a46b574ca8034f823f9d2a9f85583) Importer(815301076,1909f56bfc062723c751e8b465ee728b)  -> (artifact id: '8cb5bcb6e830c3f0d73559e6c65e859d') in 0.010698 seconds
Number of updated asset objects reloaded before import = 0
Number of asset objects unloaded after import = 3
========================================================================
Received Import Request.
  Time since last request: 0.000014 seconds.
  path: Assets/Sprites/Explosion/Explosion_00155.png
  artifactKey: Guid(fe287f401fb522648b015256e8a9164b) Importer(815301076,1909f56bfc062723c751e8b465ee728b)
Start importing Assets/Sprites/Explosion/Explosion_00155.png using Guid(fe287f401fb522648b015256e8a9164b) Importer(815301076,1909f56bfc062723c751e8b465ee728b)  -> (artifact id: '4c3848e141c764df46dbad9932eb741e') in 0.008948 seconds
Number of updated asset objects reloaded before import = 0
Number of asset objects unloaded after import = 3
========================================================================
Received Import Request.
  Time since last request: 0.000010 seconds.
  path: Assets/Sprites/Explosion/Explosion_00084.png
  artifactKey: Guid(4709d00723725814dbfc0f0d03c9ff4c) Importer(815301076,1909f56bfc062723c751e8b465ee728b)
Start importing Assets/Sprites/Explosion/Explosion_00084.png using Guid(4709d00723725814dbfc0f0d03c9ff4c) Importer(815301076,1909f56bfc062723c751e8b465ee728b)  -> (artifact id: '67e8cd3c9e5cb434d0fed21808b9538b') in 0.011474 seconds
Number of updated asset objects reloaded before import = 0
Number of asset objects unloaded after import = 3
========================================================================
Received Import Request.
  Time since last request: 0.000012 seconds.
  path: Assets/Sprites/Explosion/Explosion_00085.png
  artifactKey: Guid(71b25f7512f6fa3448981c5c5243815e) Importer(815301076,1909f56bfc062723c751e8b465ee728b)
Start importing Assets/Sprites/Explosion/Explosion_00085.png using Guid(71b25f7512f6fa3448981c5c5243815e) Importer(815301076,1909f56bfc062723c751e8b465ee728b)  -> (artifact id: 'd155b0f57ab2789ba5dddddbdcf3be75') in 0.011083 seconds
Number of updated asset objects reloaded before import = 0
Number of asset objects unloaded after import = 3
========================================================================
Received Import Request.
  Time since last request: 0.000011 seconds.
  path: Assets/Sprites/Explosion/Explosion_00020.png
  artifactKey: Guid(ac288ed2d6f860744b0ea7d00e625d5e) Importer(815301076,1909f56bfc062723c751e8b465ee728b)
Start importing Assets/Sprites/Explosion/Explosion_00020.png using Guid(ac288ed2d6f860744b0ea7d00e625d5e) Importer(815301076,1909f56bfc062723c751e8b465ee728b)  -> (artifact id: '44729c973b0c0f718f5b8a1c12a14966') in 0.010636 seconds
Number of updated asset objects reloaded before import = 0
Number of asset objects unloaded after import = 3
========================================================================
Received Import Request.
  Time since last request: 0.000009 seconds.
  path: Assets/Sprites/Explosion/Explosion_00004.png
  artifactKey: Guid(c0df2dad0f5900a44bc5304cd201723e) Importer(815301076,1909f56bfc062723c751e8b465ee728b)
Start importing Assets/Sprites/Explosion/Explosion_00004.png using Guid(c0df2dad0f5900a44bc5304cd201723e) Importer(815301076,1909f56bfc062723c751e8b465ee728b)  -> (artifact id: '9411035913359129f29602bfe6e45159') in 0.005696 seconds
Number of updated asset objects reloaded before import = 0
Number of asset objects unloaded after import = 3
========================================================================
Received Import Request.
  Time since last request: 0.000012 seconds.
  path: Assets/Sprites/Explosion/Explosion_00086.png
  artifactKey: Guid(0e4c42acf50af3d46916975f72e80bcd) Importer(815301076,1909f56bfc062723c751e8b465ee728b)
Start importing Assets/Sprites/Explosion/Explosion_00086.png using Guid(0e4c42acf50af3d46916975f72e80bcd) Importer(815301076,1909f56bfc062723c751e8b465ee728b)  -> (artifact id: 'ffb19b8714c6eea88da13c00c7fee9bf') in 0.011502 seconds
Number of updated asset objects reloaded before import = 0
Number of asset objects unloaded after import = 3
========================================================================
Received Import Request.
  Time since last request: 0.000015 seconds.
  path: Assets/Sprites/Explosion/Explosion_00087.png
  artifactKey: Guid(7b720ab1c13ba6b4989a8d471bdeb56f) Importer(815301076,1909f56bfc062723c751e8b465ee728b)
Start importing Assets/Sprites/Explosion/Explosion_00087.png using Guid(7b720ab1c13ba6b4989a8d471bdeb56f) Importer(815301076,1909f56bfc062723c751e8b465ee728b)  -> (artifact id: 'fc5cc1b40d466244b7ca03a98358a77d') in 0.011155 seconds
Number of updated asset objects reloaded before import = 0
Number of asset objects unloaded after import = 3
========================================================================
Received Import Request.
  Time since last request: 0.000012 seconds.
  path: Assets/Sprites/Explosion/Explosion_00133.png
  artifactKey: Guid(56497da44ecdbfa41a3dc8d8b9148bc6) Importer(815301076,1909f56bfc062723c751e8b465ee728b)
Start importing Assets/Sprites/Explosion/Explosion_00133.png using Guid(56497da44ecdbfa41a3dc8d8b9148bc6) Importer(815301076,1909f56bfc062723c751e8b465ee728b)  -> (artifact id: '53baa817236ec2cbeaaaf36e25380e77') in 0.009555 seconds
Number of updated asset objects reloaded before import = 0
Number of asset objects unloaded after import = 3
========================================================================
Received Import Request.
  Time since last request: 0.000011 seconds.
  path: Assets/Sprites/Explosion/Explosion_00024.png
  artifactKey: Guid(6a4d259b2754123459bf683c0168939d) Importer(815301076,1909f56bfc062723c751e8b465ee728b)
Start importing Assets/Sprites/Explosion/Explosion_00024.png using Guid(6a4d259b2754123459bf683c0168939d) Importer(815301076,1909f56bfc062723c751e8b465ee728b)  -> (artifact id: 'a67b61071d3887e9045d728e40698b14') in 0.010890 seconds
Number of updated asset objects reloaded before import = 0
Number of asset objects unloaded after import = 3
========================================================================
Received Import Request.
  Time since last request: 0.000015 seconds.
  path: Assets/Sprites/Explosion/Explosion_00094.png
  artifactKey: Guid(823e0db1a7e28b34f80c41ea95a2a264) Importer(815301076,1909f56bfc062723c751e8b465ee728b)
Start importing Assets/Sprites/Explosion/Explosion_00094.png using Guid(823e0db1a7e28b34f80c41ea95a2a264) Importer(815301076,1909f56bfc062723c751e8b465ee728b)  -> (artifact id: 'f45c6cc38b4c684c9229655d2c540054') in 0.010269 seconds
Number of updated asset objects reloaded before import = 0
Number of asset objects unloaded after import = 3
========================================================================
Received Import Request.
  Time since last request: 0.000014 seconds.
  path: Assets/Sprites/Explosion/Explosion_00095.png
  artifactKey: Guid(e1ce380e6aeed5640b045d1bb61c50ce) Importer(815301076,1909f56bfc062723c751e8b465ee728b)
Start importing Assets/Sprites/Explosion/Explosion_00095.png using Guid(e1ce380e6aeed5640b045d1bb61c50ce) Importer(815301076,1909f56bfc062723c751e8b465ee728b)  -> (artifact id: '3dda8101f36d06a7a64a04acba3964b0') in 0.013638 seconds
Number of updated asset objects reloaded before import = 0
Number of asset objects unloaded after import = 3
========================================================================
Received Import Request.
  Time since last request: 0.000017 seconds.
  path: Assets/Sprites/Explosion/Explosion_00055.png
  artifactKey: Guid(0a17e77a33c8fe0449afad86cd9679cf) Importer(815301076,1909f56bfc062723c751e8b465ee728b)
Start importing Assets/Sprites/Explosion/Explosion_00055.png using Guid(0a17e77a33c8fe0449afad86cd9679cf) Importer(815301076,1909f56bfc062723c751e8b465ee728b)  -> (artifact id: 'f73c0f264700e6c775a5caa57c7bbf56') in 0.015547 seconds
Number of updated asset objects reloaded before import = 0
Number of asset objects unloaded after import = 3
========================================================================
Received Import Request.
  Time since last request: 0.000018 seconds.
  path: Assets/Sprites/Explosion/Explosion_00099.png
  artifactKey: Guid(39ca1de087460ef428dbd1b348995e01) Importer(815301076,1909f56bfc062723c751e8b465ee728b)
Start importing Assets/Sprites/Explosion/Explosion_00099.png using Guid(39ca1de087460ef428dbd1b348995e01) Importer(815301076,1909f56bfc062723c751e8b465ee728b)  -> (artifact id: 'e1fc5cfd06d4727e282cf2af0391c9fe') in 0.013316 seconds
Number of updated asset objects reloaded before import = 0
Number of asset objects unloaded after import = 3
========================================================================
Received Import Request.
  Time since last request: 0.000023 seconds.
  path: Assets/Sprites/Explosion/Explosion_00119.png
  artifactKey: Guid(b29e02dbfbd42a644b95a5a63d42582b) Importer(815301076,1909f56bfc062723c751e8b465ee728b)
Start importing Assets/Sprites/Explosion/Explosion_00119.png using Guid(b29e02dbfbd42a644b95a5a63d42582b) Importer(815301076,1909f56bfc062723c751e8b465ee728b)  -> (artifact id: '7ee961d6ad2eecdc3c4dfe9b15834b7a') in 0.012895 seconds
Number of updated asset objects reloaded before import = 0
Number of asset objects unloaded after import = 3
========================================================================
Received Import Request.
  Time since last request: 0.000018 seconds.
  path: Assets/Sprites/Explosion/Explosion_00035.png
  artifactKey: Guid(42b3946a59ad24944813c3cc91f7ce69) Importer(815301076,1909f56bfc062723c751e8b465ee728b)
Start importing Assets/Sprites/Explosion/Explosion_00035.png using Guid(42b3946a59ad24944813c3cc91f7ce69) Importer(815301076,1909f56bfc062723c751e8b465ee728b)  -> (artifact id: 'acc5267a5932b7c663b8e0edb4b43579') in 0.014276 seconds
Number of updated asset objects reloaded before import = 0
Number of asset objects unloaded after import = 3
========================================================================
Received Import Request.
  Time since last request: 0.000011 seconds.
  path: Assets/Sprites/Explosion/Explosion_00040.png
  artifactKey: Guid(a527074b57de6f54dac2953fa6d1c15d) Importer(815301076,1909f56bfc062723c751e8b465ee728b)
Start importing Assets/Sprites/Explosion/Explosion_00040.png using Guid(a527074b57de6f54dac2953fa6d1c15d) Importer(815301076,1909f56bfc062723c751e8b465ee728b)  -> (artifact id: '3462269851d076e82f7da239c4a34a6f') in 0.014046 seconds
Number of updated asset objects reloaded before import = 0
Number of asset objects unloaded after import = 3
========================================================================
Received Import Request.
  Time since last request: 0.000013 seconds.
  path: Assets/Sprites/Explosion/Explosion_00145.png
  artifactKey: Guid(6f576a57e2e28ce42b8775e9c1e83ed9) Importer(815301076,1909f56bfc062723c751e8b465ee728b)
Start importing Assets/Sprites/Explosion/Explosion_00145.png using Guid(6f576a57e2e28ce42b8775e9c1e83ed9) Importer(815301076,1909f56bfc062723c751e8b465ee728b)  -> (artifact id: '555a5b0e95e428124ccdb11cc76f8810') in 0.012960 seconds
Number of updated asset objects reloaded before import = 0
Number of asset objects unloaded after import = 3
========================================================================
Received Import Request.
  Time since last request: 0.000012 seconds.
  path: Assets/Sprites/Explosion/Explosion_00091.png
  artifactKey: Guid(f499b059c7382d74092f75be82877f04) Importer(815301076,1909f56bfc062723c751e8b465ee728b)
Start importing Assets/Sprites/Explosion/Explosion_00091.png using Guid(f499b059c7382d74092f75be82877f04) Importer(815301076,1909f56bfc062723c751e8b465ee728b)  -> (artifact id: 'a84c8a2c05b99403af5e8468fd110e63') in 0.010810 seconds
Number of updated asset objects reloaded before import = 0
Number of asset objects unloaded after import = 3
========================================================================
Received Import Request.
  Time since last request: 0.000011 seconds.
  path: Assets/Sprites/Explosion/Explosion_00022.png
  artifactKey: Guid(e45fe2b1b45c556449e64f6b4bfe31f1) Importer(815301076,1909f56bfc062723c751e8b465ee728b)
Start importing Assets/Sprites/Explosion/Explosion_00022.png using Guid(e45fe2b1b45c556449e64f6b4bfe31f1) Importer(815301076,1909f56bfc062723c751e8b465ee728b)  -> (artifact id: '50eb27908d0577dc7f7dc8c8e0d4582e') in 0.012723 seconds
Number of updated asset objects reloaded before import = 0
Number of asset objects unloaded after import = 3
========================================================================
Received Import Request.
  Time since last request: 0.000013 seconds.
  path: Assets/Sprites/Explosion/Explosion_00030.png
  artifactKey: Guid(2f95e99060325e84baa0a3badcc7e1dc) Importer(815301076,1909f56bfc062723c751e8b465ee728b)
Start importing Assets/Sprites/Explosion/Explosion_00030.png using Guid(2f95e99060325e84baa0a3badcc7e1dc) Importer(815301076,1909f56bfc062723c751e8b465ee728b)  -> (artifact id: '4563a2eafe3b70c1d9ac0c8b7f04555a') in 0.014187 seconds
Number of updated asset objects reloaded before import = 0
Number of asset objects unloaded after import = 3
========================================================================
Received Import Request.
  Time since last request: 0.000014 seconds.
  path: Assets/Sprites/Explosion/Explosion_00058.png
  artifactKey: Guid(091d3201775721c45acd13044144633d) Importer(815301076,1909f56bfc062723c751e8b465ee728b)
Start importing Assets/Sprites/Explosion/Explosion_00058.png using Guid(091d3201775721c45acd13044144633d) Importer(815301076,1909f56bfc062723c751e8b465ee728b)  -> (artifact id: '4a44e648cb96f5d01404f6126c220538') in 0.013466 seconds
Number of updated asset objects reloaded before import = 0
Number of asset objects unloaded after import = 3
========================================================================
Received Import Request.
  Time since last request: 0.000014 seconds.
  path: Assets/Sprites/Explosion/Explosion_00074.png
  artifactKey: Guid(b806210b87251d54d9f52491ee17d780) Importer(815301076,1909f56bfc062723c751e8b465ee728b)
Start importing Assets/Sprites/Explosion/Explosion_00074.png using Guid(b806210b87251d54d9f52491ee17d780) Importer(815301076,1909f56bfc062723c751e8b465ee728b)  -> (artifact id: 'cbde9fd3d1f18b708f38ca6a26c7ad2c') in 0.016272 seconds
Number of updated asset objects reloaded before import = 0
Number of asset objects unloaded after import = 3
========================================================================
Received Import Request.
  Time since last request: 0.000017 seconds.
  path: Assets/Sprites/Explosion/Explosion_00097.png
  artifactKey: Guid(4c8943b0ae13eba4abfde0d063f29f7a) Importer(815301076,1909f56bfc062723c751e8b465ee728b)
Start importing Assets/Sprites/Explosion/Explosion_00097.png using Guid(4c8943b0ae13eba4abfde0d063f29f7a) Importer(815301076,1909f56bfc062723c751e8b465ee728b)  -> (artifact id: 'fb8a5b806b6016a5f1a23127e821672f') in 0.012357 seconds
Number of updated asset objects reloaded before import = 0
Number of asset objects unloaded after import = 3
========================================================================
Received Import Request.
  Time since last request: 0.000014 seconds.
  path: Assets/Sprites/Explosion/Explosion_00051.png
  artifactKey: Guid(5fc333aae31055448a7792d6e9bedd3b) Importer(815301076,1909f56bfc062723c751e8b465ee728b)
Start importing Assets/Sprites/Explosion/Explosion_00051.png using Guid(5fc333aae31055448a7792d6e9bedd3b) Importer(815301076,1909f56bfc062723c751e8b465ee728b)  -> (artifact id: '638b9043f2693fb93e66443856c6428e') in 0.013040 seconds
Number of updated asset objects reloaded before import = 0
Number of asset objects unloaded after import = 3
========================================================================
Received Import Request.
  Time since last request: 0.000016 seconds.
  path: Assets/Sprites/Explosion/Explosion_00128.png
  artifactKey: Guid(a409940c82a7bfe4f87905b065822416) Importer(815301076,1909f56bfc062723c751e8b465ee728b)
Start importing Assets/Sprites/Explosion/Explosion_00128.png using Guid(a409940c82a7bfe4f87905b065822416) Importer(815301076,1909f56bfc062723c751e8b465ee728b)  -> (artifact id: 'c4348b13c2665af8e25b1bc3253bdafd') in 0.010101 seconds
Number of updated asset objects reloaded before import = 0
Number of asset objects unloaded after import = 3
========================================================================
Received Import Request.
  Time since last request: 0.000012 seconds.
  path: Assets/Sprites/Explosion/Explosion_00013.png
  artifactKey: Guid(fd160dda106a69c498dd97e047449b4b) Importer(815301076,1909f56bfc062723c751e8b465ee728b)
Start importing Assets/Sprites/Explosion/Explosion_00013.png using Guid(fd160dda106a69c498dd97e047449b4b) Importer(815301076,1909f56bfc062723c751e8b465ee728b)  -> (artifact id: '93cc7115c1b5b515da255d863f9104e8') in 0.012544 seconds
Number of updated asset objects reloaded before import = 0
Number of asset objects unloaded after import = 3
========================================================================
Received Import Request.
  Time since last request: 0.000013 seconds.
  path: Assets/Sprites/Explosion/Explosion_00031.png
  artifactKey: Guid(501224271cf9a7b439011963857221ea) Importer(815301076,1909f56bfc062723c751e8b465ee728b)
Start importing Assets/Sprites/Explosion/Explosion_00031.png using Guid(501224271cf9a7b439011963857221ea) Importer(815301076,1909f56bfc062723c751e8b465ee728b)  -> (artifact id: '40564fefe5d7601788ff85e6acbe39e4') in 0.012275 seconds
Number of updated asset objects reloaded before import = 0
Number of asset objects unloaded after import = 3
========================================================================
Received Import Request.
  Time since last request: 0.000011 seconds.
  path: Assets/Sprites/Explosion/Explosion_00118.png
  artifactKey: Guid(a953c829606c2ed49a61222c359529fe) Importer(815301076,1909f56bfc062723c751e8b465ee728b)
Start importing Assets/Sprites/Explosion/Explosion_00118.png using Guid(a953c829606c2ed49a61222c359529fe) Importer(815301076,1909f56bfc062723c751e8b465ee728b)  -> (artifact id: '4f1d83a6ff357d6278dd40e2eb739257') in 0.010788 seconds
Number of updated asset objects reloaded before import = 0
Number of asset objects unloaded after import = 3
========================================================================
Received Import Request.
  Time since last request: 0.000013 seconds.
  path: Assets/Sprites/Explosion/Explosion_00009.png
  artifactKey: Guid(be6fa491a1a223f46b94e773c11b0a09) Importer(815301076,1909f56bfc062723c751e8b465ee728b)
Start importing Assets/Sprites/Explosion/Explosion_00009.png using Guid(be6fa491a1a223f46b94e773c11b0a09) Importer(815301076,1909f56bfc062723c751e8b465ee728b)  -> (artifact id: '5b302e32c38988c5dc6f21769e2111a2') in 0.012060 seconds
Number of updated asset objects reloaded before import = 0
Number of asset objects unloaded after import = 3
========================================================================
Received Import Request.
  Time since last request: 0.000016 seconds.
  path: Assets/Sprites/Explosion/Explosion_00152.png
  artifactKey: Guid(437f3f44507962c4482e0870c8e9b23b) Importer(815301076,1909f56bfc062723c751e8b465ee728b)
Start importing Assets/Sprites/Explosion/Explosion_00152.png using Guid(437f3f44507962c4482e0870c8e9b23b) Importer(815301076,1909f56bfc062723c751e8b465ee728b)  -> (artifact id: '0eb585c29a815aa9dbe21548fec0786a') in 0.012280 seconds
Number of updated asset objects reloaded before import = 0
Number of asset objects unloaded after import = 3
========================================================================
Received Import Request.
  Time since last request: 0.000019 seconds.
  path: Assets/Sprites/Explosion/Explosion_00012.png
  artifactKey: Guid(5a213975b85123c49a300e78416ecc0f) Importer(815301076,1909f56bfc062723c751e8b465ee728b)
Start importing Assets/Sprites/Explosion/Explosion_00012.png using Guid(5a213975b85123c49a300e78416ecc0f) Importer(815301076,1909f56bfc062723c751e8b465ee728b)  -> (artifact id: '5005a24cafa2960c1581e5795d2cd2b1') in 0.011506 seconds
Number of updated asset objects reloaded before import = 0
Number of asset objects unloaded after import = 3
========================================================================
Received Import Request.
  Time since last request: 0.000015 seconds.
  path: Assets/Sprites/Explosion/Explosion_00050.png
  artifactKey: Guid(5140b367660e76547b893927f5ae45f2) Importer(815301076,1909f56bfc062723c751e8b465ee728b)
Start importing Assets/Sprites/Explosion/Explosion_00050.png using Guid(5140b367660e76547b893927f5ae45f2) Importer(815301076,1909f56bfc062723c751e8b465ee728b)  -> (artifact id: '633aecac7b28508d14fd9aa081d392b7') in 0.011553 seconds
Number of updated asset objects reloaded before import = 0
Number of asset objects unloaded after import = 3
========================================================================
Received Import Request.
  Time since last request: 0.000012 seconds.
  path: Assets/Sprites/Explosion/Explosion_00029.png
  artifactKey: Guid(8d6043d903dfaad47a6e5814a1a5083a) Importer(815301076,1909f56bfc062723c751e8b465ee728b)
Start importing Assets/Sprites/Explosion/Explosion_00029.png using Guid(8d6043d903dfaad47a6e5814a1a5083a) Importer(815301076,1909f56bfc062723c751e8b465ee728b)  -> (artifact id: '6e013816f3b261efd8b396c2c9d066d1') in 0.011432 seconds
Number of updated asset objects reloaded before import = 0
Number of asset objects unloaded after import = 3
========================================================================
Received Import Request.
  Time since last request: 0.000010 seconds.
  path: Assets/Sprites/Explosion/Explosion_00062.png
  artifactKey: Guid(f6c90df5c13718442a75e702d92266b4) Importer(815301076,1909f56bfc062723c751e8b465ee728b)
Start importing Assets/Sprites/Explosion/Explosion_00062.png using Guid(f6c90df5c13718442a75e702d92266b4) Importer(815301076,1909f56bfc062723c751e8b465ee728b)  -> (artifact id: '6ebbf15428cf294383f485ba0e9eb69a') in 0.010712 seconds
Number of updated asset objects reloaded before import = 0
Number of asset objects unloaded after import = 3
========================================================================
Received Import Request.
  Time since last request: 0.000011 seconds.
  path: Assets/Sprites/Explosion/Explosion_00066.png
  artifactKey: Guid(22e6302fe55e4b948a5873aff467b2a4) Importer(815301076,1909f56bfc062723c751e8b465ee728b)
Start importing Assets/Sprites/Explosion/Explosion_00066.png using Guid(22e6302fe55e4b948a5873aff467b2a4) Importer(815301076,1909f56bfc062723c751e8b465ee728b)  -> (artifact id: '471d2a9b50723614a76d528fd860b6e3') in 0.013423 seconds
Number of updated asset objects reloaded before import = 0
Number of asset objects unloaded after import = 3
========================================================================
Received Import Request.
  Time since last request: 0.000016 seconds.
  path: Assets/Sprites/Explosion/Explosion_00156.png
  artifactKey: Guid(018ddbe726f7b0e45883c60a480a61c0) Importer(815301076,1909f56bfc062723c751e8b465ee728b)
Start importing Assets/Sprites/Explosion/Explosion_00156.png using Guid(018ddbe726f7b0e45883c60a480a61c0) Importer(815301076,1909f56bfc062723c751e8b465ee728b)  -> (artifact id: 'a5a31c8a1cdd721bc94758ef74f27abb') in 0.010926 seconds
Number of updated asset objects reloaded before import = 0
Number of asset objects unloaded after import = 3
========================================================================
Received Import Request.
  Time since last request: 0.000013 seconds.
  path: Assets/Sprites/Explosion/Explosion_00077.png
  artifactKey: Guid(432e36eeabae1dd4a884df247ef33558) Importer(815301076,1909f56bfc062723c751e8b465ee728b)
Start importing Assets/Sprites/Explosion/Explosion_00077.png using Guid(432e36eeabae1dd4a884df247ef33558) Importer(815301076,1909f56bfc062723c751e8b465ee728b)  -> (artifact id: 'a563bff8dafc04df882fc16c7f5592ae') in 0.013284 seconds
Number of updated asset objects reloaded before import = 0
Number of asset objects unloaded after import = 3
========================================================================
Received Import Request.
  Time since last request: 0.000012 seconds.
  path: Assets/Sprites/Explosion/Explosion_00126.png
  artifactKey: Guid(fe2d4704b643d6d40b90edbbd67623e2) Importer(815301076,1909f56bfc062723c751e8b465ee728b)
Start importing Assets/Sprites/Explosion/Explosion_00126.png using Guid(fe2d4704b643d6d40b90edbbd67623e2) Importer(815301076,1909f56bfc062723c751e8b465ee728b)  -> (artifact id: 'af325be1a9647d7a999822344c90b238') in 0.012431 seconds
Number of updated asset objects reloaded before import = 0
Number of asset objects unloaded after import = 3
========================================================================
Received Import Request.
  Time since last request: 0.000016 seconds.
  path: Assets/Sprites/Explosion/Explosion_00019.png
  artifactKey: Guid(c6a4f2f36ce8cb341a8cf6f831382162) Importer(815301076,1909f56bfc062723c751e8b465ee728b)
Start importing Assets/Sprites/Explosion/Explosion_00019.png using Guid(c6a4f2f36ce8cb341a8cf6f831382162) Importer(815301076,1909f56bfc062723c751e8b465ee728b)  -> (artifact id: '76225edb4fdd1f5834a9b9b2f2181d47') in 0.014876 seconds
Number of updated asset objects reloaded before import = 0
Number of asset objects unloaded after import = 3
========================================================================
Received Import Request.
  Time since last request: 0.000014 seconds.
  path: Assets/Sprites/Explosion/Explosion_00048.png
  artifactKey: Guid(60abeb1c8014c474c8bf194b8e3698c7) Importer(815301076,1909f56bfc062723c751e8b465ee728b)
Start importing Assets/Sprites/Explosion/Explosion_00048.png using Guid(60abeb1c8014c474c8bf194b8e3698c7) Importer(815301076,1909f56bfc062723c751e8b465ee728b)  -> (artifact id: '8f1a5f88909147f3edf1664a016d8146') in 0.011410 seconds
Number of updated asset objects reloaded before import = 0
Number of asset objects unloaded after import = 3
========================================================================
Received Import Request.
  Time since last request: 0.000013 seconds.
  path: Assets/Sprites/Explosion/Explosion_00054.png
  artifactKey: Guid(0ba68193349385a49a07220b6ae6fe8e) Importer(815301076,1909f56bfc062723c751e8b465ee728b)
Start importing Assets/Sprites/Explosion/Explosion_00054.png using Guid(0ba68193349385a49a07220b6ae6fe8e) Importer(815301076,1909f56bfc062723c751e8b465ee728b)  -> (artifact id: '89036ea86d46b8a61c7c898d778e0c16') in 0.012910 seconds
Number of updated asset objects reloaded before import = 0
Number of asset objects unloaded after import = 3
========================================================================
Received Import Request.
  Time since last request: 0.000013 seconds.
  path: Assets/Sprites/Explosion/Explosion_00034.png
  artifactKey: Guid(24663ed0d20db9540a8e0829d11bef31) Importer(815301076,1909f56bfc062723c751e8b465ee728b)
Start importing Assets/Sprites/Explosion/Explosion_00034.png using Guid(24663ed0d20db9540a8e0829d11bef31) Importer(815301076,1909f56bfc062723c751e8b465ee728b)  -> (artifact id: 'cdbb499e3e493efd0f23addb0297e642') in 0.013012 seconds
Number of updated asset objects reloaded before import = 0
Number of asset objects unloaded after import = 3
========================================================================
Received Import Request.
  Time since last request: 0.000016 seconds.
  path: Assets/Sprites/Explosion/Explosion_00002.png
  artifactKey: Guid(bd62cd567b6d96746a610a52491c651b) Importer(815301076,1909f56bfc062723c751e8b465ee728b)
Start importing Assets/Sprites/Explosion/Explosion_00002.png using Guid(bd62cd567b6d96746a610a52491c651b) Importer(815301076,1909f56bfc062723c751e8b465ee728b)  -> (artifact id: '5f4c31b2e21977318094ca796a929801') in 0.006841 seconds
Number of updated asset objects reloaded before import = 0
Number of asset objects unloaded after import = 3
========================================================================
Received Import Request.
  Time since last request: 0.000014 seconds.
  path: Assets/Sprites/Explosion/Explosion_00089.png
  artifactKey: Guid(a7c6658ab9b722346b054212ce8b514e) Importer(815301076,1909f56bfc062723c751e8b465ee728b)
Start importing Assets/Sprites/Explosion/Explosion_00089.png using Guid(a7c6658ab9b722346b054212ce8b514e) Importer(815301076,1909f56bfc062723c751e8b465ee728b)  -> (artifact id: '444de4757cd93ad74723b9c8c92335a2') in 0.010964 seconds
Number of updated asset objects reloaded before import = 0
Number of asset objects unloaded after import = 3
========================================================================
Received Import Request.
  Time since last request: 0.000012 seconds.
  path: Assets/Sprites/Explosion/Explosion_00014.png
  artifactKey: Guid(ad3112550be5fb9449db6f4a80b98fd6) Importer(815301076,1909f56bfc062723c751e8b465ee728b)
Start importing Assets/Sprites/Explosion/Explosion_00014.png using Guid(ad3112550be5fb9449db6f4a80b98fd6) Importer(815301076,1909f56bfc062723c751e8b465ee728b)  -> (artifact id: '034e6b124d100fd363d8ae958b1d9fd2') in 0.010154 seconds
Number of updated asset objects reloaded before import = 0
Number of asset objects unloaded after import = 3
========================================================================
Received Import Request.
  Time since last request: 0.000013 seconds.
  path: Assets/Sprites/Explosion/Explosion_00150.png
  artifactKey: Guid(e2187e8bbfb3858498dd36dffd69b93a) Importer(815301076,1909f56bfc062723c751e8b465ee728b)
Start importing Assets/Sprites/Explosion/Explosion_00150.png using Guid(e2187e8bbfb3858498dd36dffd69b93a) Importer(815301076,1909f56bfc062723c751e8b465ee728b)  -> (artifact id: 'b5298bca7a688c19345d5c37abfe138f') in 0.009509 seconds
Number of updated asset objects reloaded before import = 0
Number of asset objects unloaded after import = 3
========================================================================
Received Import Request.
  Time since last request: 0.000010 seconds.
  path: Assets/Sprites/Explosion/Explosion_00072.png
  artifactKey: Guid(546e791b742872342b8c83e92f85ac57) Importer(815301076,1909f56bfc062723c751e8b465ee728b)
Start importing Assets/Sprites/Explosion/Explosion_00072.png using Guid(546e791b742872342b8c83e92f85ac57) Importer(815301076,1909f56bfc062723c751e8b465ee728b)  -> (artifact id: '82f9802b0adfd66544c8d2e2b2561923') in 0.010672 seconds
Number of updated asset objects reloaded before import = 0
Number of asset objects unloaded after import = 3
========================================================================
Received Import Request.
  Time since last request: 0.000012 seconds.
  path: Assets/Sprites/Explosion/Explosion_00110.png
  artifactKey: Guid(c2b8ba5d5319f274399251360dad9da5) Importer(815301076,1909f56bfc062723c751e8b465ee728b)
Start importing Assets/Sprites/Explosion/Explosion_00110.png using Guid(c2b8ba5d5319f274399251360dad9da5) Importer(815301076,1909f56bfc062723c751e8b465ee728b)  -> (artifact id: 'd471960995acf24e787ce1fe0fa00571') in 0.009134 seconds
Number of updated asset objects reloaded before import = 0
Number of asset objects unloaded after import = 3
========================================================================
Received Import Request.
  Time since last request: 0.000016 seconds.
  path: Assets/Sprites/Explosion/Explosion_00130.png
  artifactKey: Guid(5e6c299c8c9d50847ad0f2b05f9fb7aa) Importer(815301076,1909f56bfc062723c751e8b465ee728b)
Start importing Assets/Sprites/Explosion/Explosion_00130.png using Guid(5e6c299c8c9d50847ad0f2b05f9fb7aa) Importer(815301076,1909f56bfc062723c751e8b465ee728b)  -> (artifact id: '66494744d9ec74f7b782a99cb96b0d71') in 0.010109 seconds
Number of updated asset objects reloaded before import = 0
Number of asset objects unloaded after import = 3
========================================================================
Received Import Request.
  Time since last request: 0.000019 seconds.
  path: Assets/Sprites/Explosion/Explosion_00049.png
  artifactKey: Guid(5854a77e0fb805840acde1b404bfd82f) Importer(815301076,1909f56bfc062723c751e8b465ee728b)
Start importing Assets/Sprites/Explosion/Explosion_00049.png using Guid(5854a77e0fb805840acde1b404bfd82f) Importer(815301076,1909f56bfc062723c751e8b465ee728b)  -> (artifact id: '40f66e9e780f245fe1f64a951cf1de19') in 0.012048 seconds
Number of updated asset objects reloaded before import = 0
Number of asset objects unloaded after import = 3
========================================================================
Received Import Request.
  Time since last request: 0.000014 seconds.
  path: Assets/Sprites/Explosion/Explosion_00113.png
  artifactKey: Guid(c86023ea6eb72cd498350aaee5eab12f) Importer(815301076,1909f56bfc062723c751e8b465ee728b)
Start importing Assets/Sprites/Explosion/Explosion_00113.png using Guid(c86023ea6eb72cd498350aaee5eab12f) Importer(815301076,1909f56bfc062723c751e8b465ee728b)  -> (artifact id: '935bdfcb698dd139f9c4949ef507723e') in 0.008830 seconds
Number of updated asset objects reloaded before import = 0
Number of asset objects unloaded after import = 3
========================================================================
Received Import Request.
  Time since last request: 0.000010 seconds.
  path: Assets/Sprites/Explosion/Explosion_00115.png
  artifactKey: Guid(5673d1b1d7708474b9122a799a6bb54c) Importer(815301076,1909f56bfc062723c751e8b465ee728b)
Start importing Assets/Sprites/Explosion/Explosion_00115.png using Guid(5673d1b1d7708474b9122a799a6bb54c) Importer(815301076,1909f56bfc062723c751e8b465ee728b)  -> (artifact id: '770a646e811b185d1b952598c601ae78') in 0.010122 seconds
Number of updated asset objects reloaded before import = 0
Number of asset objects unloaded after import = 3
========================================================================
Received Import Request.
  Time since last request: 0.000012 seconds.
  path: Assets/Sprites/Explosion/Explosion_00149.png
  artifactKey: Guid(e8c2938fa70b13841ab85a4e846b4295) Importer(815301076,1909f56bfc062723c751e8b465ee728b)
Start importing Assets/Sprites/Explosion/Explosion_00149.png using Guid(e8c2938fa70b13841ab85a4e846b4295) Importer(815301076,1909f56bfc062723c751e8b465ee728b)  -> (artifact id: 'cf4f02bc72c16341710e41ee6814818a') in 0.010077 seconds
Number of updated asset objects reloaded before import = 0
Number of asset objects unloaded after import = 3
========================================================================
Received Import Request.
  Time since last request: 0.000011 seconds.
  path: Assets/Sprites/Explosion/Explosion_00073.png
  artifactKey: Guid(c3102c90553bede4bae63bd752f123e3) Importer(815301076,1909f56bfc062723c751e8b465ee728b)
Start importing Assets/Sprites/Explosion/Explosion_00073.png using Guid(c3102c90553bede4bae63bd752f123e3) Importer(815301076,1909f56bfc062723c751e8b465ee728b)  -> (artifact id: '848f925ab8c9c1d36e359fe8333df8a4') in 0.011099 seconds
Number of updated asset objects reloaded before import = 0
Number of asset objects unloaded after import = 3
========================================================================
Received Import Request.
  Time since last request: 0.000011 seconds.
  path: Assets/Sprites/Explosion/Explosion_00135.png
  artifactKey: Guid(8176545c1a5f11e4fbdc1f1d6204f8ec) Importer(815301076,1909f56bfc062723c751e8b465ee728b)
Start importing Assets/Sprites/Explosion/Explosion_00135.png using Guid(8176545c1a5f11e4fbdc1f1d6204f8ec) Importer(815301076,1909f56bfc062723c751e8b465ee728b)  -> (artifact id: '1b754741d5fee63960f40ec6d78ccbfe') in 0.010765 seconds
Number of updated asset objects reloaded before import = 0
Number of asset objects unloaded after import = 3
========================================================================
Received Import Request.
  Time since last request: 0.000015 seconds.
  path: Assets/Sprites/Explosion/Explosion_00108.png
  artifactKey: Guid(0f8aa0a59ca97bb4b868dac72f0a6545) Importer(815301076,1909f56bfc062723c751e8b465ee728b)
Start importing Assets/Sprites/Explosion/Explosion_00108.png using Guid(0f8aa0a59ca97bb4b868dac72f0a6545) Importer(815301076,1909f56bfc062723c751e8b465ee728b)  -> (artifact id: 'bacae16a676ee87672824cbeaf935973') in 0.010740 seconds
Number of updated asset objects reloaded before import = 0
Number of asset objects unloaded after import = 3
========================================================================
Received Import Request.
  Time since last request: 0.000012 seconds.
  path: Assets/Sprites/Explosion/Explosion_00076.png
  artifactKey: Guid(bc75960839d1ddd4891657e26463197c) Importer(815301076,1909f56bfc062723c751e8b465ee728b)
Start importing Assets/Sprites/Explosion/Explosion_00076.png using Guid(bc75960839d1ddd4891657e26463197c) Importer(815301076,1909f56bfc062723c751e8b465ee728b)  -> (artifact id: '38e216e6810447777f312edcc7e81f07') in 0.011512 seconds
Number of updated asset objects reloaded before import = 0
Number of asset objects unloaded after import = 3
========================================================================
Received Import Request.
  Time since last request: 0.000012 seconds.
  path: Assets/Sprites/Explosion/Explosion_00046.png
  artifactKey: Guid(efb13e81c207c664f967884c13391c7f) Importer(815301076,1909f56bfc062723c751e8b465ee728b)
Start importing Assets/Sprites/Explosion/Explosion_00046.png using Guid(efb13e81c207c664f967884c13391c7f) Importer(815301076,1909f56bfc062723c751e8b465ee728b)  -> (artifact id: '76b3b00b026a7dc917c84497b2a8b154') in 0.011566 seconds
Number of updated asset objects reloaded before import = 0
Number of asset objects unloaded after import = 3
========================================================================
Received Import Request.
  Time since last request: 0.000016 seconds.
  path: Assets/Sprites/Explosion/Explosion_00101.png
  artifactKey: Guid(27491d4aab8d6f049adcbbe171481756) Importer(815301076,1909f56bfc062723c751e8b465ee728b)
Start importing Assets/Sprites/Explosion/Explosion_00101.png using Guid(27491d4aab8d6f049adcbbe171481756) Importer(815301076,1909f56bfc062723c751e8b465ee728b)  -> (artifact id: 'e35b4dfe61d0793eda16a237dcbc3108') in 0.012072 seconds
Number of updated asset objects reloaded before import = 0
Number of asset objects unloaded after import = 3
========================================================================
Received Import Request.
  Time since last request: 0.000013 seconds.
  path: Assets/Sprites/Explosion/Explosion_00096.png
  artifactKey: Guid(b1526f7f74f09574b95f6cecd8107cff) Importer(815301076,1909f56bfc062723c751e8b465ee728b)
Start importing Assets/Sprites/Explosion/Explosion_00096.png using Guid(b1526f7f74f09574b95f6cecd8107cff) Importer(815301076,1909f56bfc062723c751e8b465ee728b)  -> (artifact id: 'cf77f29e2aec3a5f6a0051234ef1717e') in 0.012060 seconds
Number of updated asset objects reloaded before import = 0
Number of asset objects unloaded after import = 3
========================================================================
Received Import Request.
  Time since last request: 0.000012 seconds.
  path: Assets/Sprites/Explosion/Explosion_00006.png
  artifactKey: Guid(aec987e2e7eb9af4897161eb60a2a988) Importer(815301076,1909f56bfc062723c751e8b465ee728b)
Start importing Assets/Sprites/Explosion/Explosion_00006.png using Guid(aec987e2e7eb9af4897161eb60a2a988) Importer(815301076,1909f56bfc062723c751e8b465ee728b)  -> (artifact id: 'f2f5813e98935e8e50e601edd0fb0bd0') in 0.010514 seconds
Number of updated asset objects reloaded before import = 0
Number of asset objects unloaded after import = 3
========================================================================
Received Import Request.
  Time since last request: 0.000014 seconds.
  path: Assets/Sprites/Explosion/Explosion_00123.png
  artifactKey: Guid(1fb6b7faf5d725e479d6093f5314aeb7) Importer(815301076,1909f56bfc062723c751e8b465ee728b)
Start importing Assets/Sprites/Explosion/Explosion_00123.png using Guid(1fb6b7faf5d725e479d6093f5314aeb7) Importer(815301076,1909f56bfc062723c751e8b465ee728b)  -> (artifact id: '9a7535c4dcc0b64ed93d5cce96af1044') in 0.011132 seconds
Number of updated asset objects reloaded before import = 0
Number of asset objects unloaded after import = 3
========================================================================
Received Import Request.
  Time since last request: 0.000010 seconds.
  path: Assets/Sprites/Explosion/Explosion_00045.png
  artifactKey: Guid(e1610aa7eb8e0fd469b18ab709c6d1ab) Importer(815301076,1909f56bfc062723c751e8b465ee728b)
Start importing Assets/Sprites/Explosion/Explosion_00045.png using Guid(e1610aa7eb8e0fd469b18ab709c6d1ab) Importer(815301076,1909f56bfc062723c751e8b465ee728b)  -> (artifact id: 'd17d052db427572b830a4515977aff53') in 0.010793 seconds
Number of updated asset objects reloaded before import = 0
Number of asset objects unloaded after import = 3
========================================================================
Received Import Request.
  Time since last request: 0.000010 seconds.
  path: Assets/Sprites/Explosion/Explosion_00016.png
  artifactKey: Guid(3c08813279faf644e9cb07a21ca885f9) Importer(815301076,1909f56bfc062723c751e8b465ee728b)
Start importing Assets/Sprites/Explosion/Explosion_00016.png using Guid(3c08813279faf644e9cb07a21ca885f9) Importer(815301076,1909f56bfc062723c751e8b465ee728b)  -> (artifact id: '836392e6d65d60ae5b1f9191254909b1') in 0.010160 seconds
Number of updated asset objects reloaded before import = 0
Number of asset objects unloaded after import = 3
========================================================================
Received Import Request.
  Time since last request: 0.000014 seconds.
  path: Assets/Sprites/Explosion/Explosion_00021.png
  artifactKey: Guid(3012ef794ba4e2c4eb8cd31ff4d204fc) Importer(815301076,1909f56bfc062723c751e8b465ee728b)
Start importing Assets/Sprites/Explosion/Explosion_00021.png using Guid(3012ef794ba4e2c4eb8cd31ff4d204fc) Importer(815301076,1909f56bfc062723c751e8b465ee728b)  -> (artifact id: 'b9bdb985025d4083f8ddbe86c2977a5a') in 0.011772 seconds
Number of updated asset objects reloaded before import = 0
Number of asset objects unloaded after import = 3
========================================================================
Received Import Request.
  Time since last request: 0.000012 seconds.
  path: Assets/Sprites/Explosion/Explosion_00061.png
  artifactKey: Guid(b9848f1f6d5938b4f80d35b20830307b) Importer(815301076,1909f56bfc062723c751e8b465ee728b)
Start importing Assets/Sprites/Explosion/Explosion_00061.png using Guid(b9848f1f6d5938b4f80d35b20830307b) Importer(815301076,1909f56bfc062723c751e8b465ee728b)  -> (artifact id: 'fa4875c5651bd59c246179e71802ea89') in 0.011394 seconds
Number of updated asset objects reloaded before import = 0
Number of asset objects unloaded after import = 3
========================================================================
Received Import Request.
  Time since last request: 0.000010 seconds.
  path: Assets/Sprites/Explosion/Explosion_00127.png
  artifactKey: Guid(af14b4541b6dff243ab89b00edb6f8bb) Importer(815301076,1909f56bfc062723c751e8b465ee728b)
Start importing Assets/Sprites/Explosion/Explosion_00127.png using Guid(af14b4541b6dff243ab89b00edb6f8bb) Importer(815301076,1909f56bfc062723c751e8b465ee728b)  -> (artifact id: '78566db1e90915c577a1e846ebbe7b3b') in 0.011739 seconds
Number of updated asset objects reloaded before import = 0
Number of asset objects unloaded after import = 3
========================================================================
Received Import Request.
  Time since last request: 0.000017 seconds.
  path: Assets/Sprites/Explosion/Explosion_00032.png
  artifactKey: Guid(10512f4bad1e0b44988dd89bf0a6e85a) Importer(815301076,1909f56bfc062723c751e8b465ee728b)
Start importing Assets/Sprites/Explosion/Explosion_00032.png using Guid(10512f4bad1e0b44988dd89bf0a6e85a) Importer(815301076,1909f56bfc062723c751e8b465ee728b)  -> (artifact id: '202ee38fa1ef8a87df4ccf09e6f5b80f') in 0.012148 seconds
Number of updated asset objects reloaded before import = 0
Number of asset objects unloaded after import = 3
========================================================================
Received Import Request.
  Time since last request: 0.000019 seconds.
  path: Assets/Sprites/Explosion/Explosion_00003.png
  artifactKey: Guid(d7987f91d6d263f469a6d8e36d9c26c7) Importer(815301076,1909f56bfc062723c751e8b465ee728b)
Start importing Assets/Sprites/Explosion/Explosion_00003.png using Guid(d7987f91d6d263f469a6d8e36d9c26c7) Importer(815301076,1909f56bfc062723c751e8b465ee728b)  -> (artifact id: 'e1b891028c8ab6e27d558ebded5dbacf') in 0.005959 seconds
Number of updated asset objects reloaded before import = 0
Number of asset objects unloaded after import = 3
Editor requested this worker to shutdown with reason: Scaling down because of idle timeout
TcpMessagingSession - receive error: operation aborted. errorcode: 995, details: The I/O operation has been aborted because of either a thread exit or an application request.
AssetImportWorker is now disconnected from the server
Process exiting
Exiting without the bug reporter. Application will terminate with return code 0