Using pre-set license
Built from '2022.3/staging' branch; Version is '2022.3.30f1 (70558241b701) revision 7361922'; Using compiler version '192829333'; Build Type 'Release'
OS: 'Windows 11  (10.0.22631) 64bit Professional' Language: 'en' Physical Memory: 31895 MB
BatchMode: 1, IsHumanControllingUs: 0, StartBugReporterOnCrash: 0, Is64bit: 1, IsPro: 1

COMMAND LINE ARGUMENTS:
C:\Program Files\Unity\Hub\Editor\2022.3.30f1\Editor\Unity.exe
-adb2
-batchMode
-noUpm
-name
AssetImportWorker4
-projectPath
C:/CAM Projects/Fighter Planes F24
-logFile
Logs/AssetImportWorker4.log
-srvPort
51457
Successfully changed project path to: C:/CAM Projects/Fighter Planes F24
C:/CAM Projects/Fighter Planes F24
[UnityMemory] Configuration Parameters - Can be set up in boot.config
    "memorysetup-bucket-allocator-granularity=16"
    "memorysetup-bucket-allocator-bucket-count=8"
    "memorysetup-bucket-allocator-block-size=33554432"
    "memorysetup-bucket-allocator-block-count=8"
    "memorysetup-main-allocator-block-size=16777216"
    "memorysetup-thread-allocator-block-size=16777216"
    "memorysetup-gfx-main-allocator-block-size=16777216"
    "memorysetup-gfx-thread-allocator-block-size=16777216"
    "memorysetup-cache-allocator-block-size=4194304"
    "memorysetup-typetree-allocator-block-size=2097152"
    "memorysetup-profiler-bucket-allocator-granularity=16"
    "memorysetup-profiler-bucket-allocator-bucket-count=8"
    "memorysetup-profiler-bucket-allocator-block-size=33554432"
    "memorysetup-profiler-bucket-allocator-block-count=8"
    "memorysetup-profiler-allocator-block-size=16777216"
    "memorysetup-profiler-editor-allocator-block-size=1048576"
    "memorysetup-temp-allocator-size-main=16777216"
    "memorysetup-job-temp-allocator-block-size=2097152"
    "memorysetup-job-temp-allocator-block-size-background=1048576"
    "memorysetup-job-temp-allocator-reduction-small-platforms=262144"
    "memorysetup-allocator-temp-initial-block-size-main=262144"
    "memorysetup-allocator-temp-initial-block-size-worker=262144"
    "memorysetup-temp-allocator-size-background-worker=32768"
    "memorysetup-temp-allocator-size-job-worker=262144"
    "memorysetup-temp-allocator-size-preload-manager=33554432"
    "memorysetup-temp-allocator-size-nav-mesh-worker=65536"
    "memorysetup-temp-allocator-size-audio-worker=65536"
    "memorysetup-temp-allocator-size-cloud-worker=32768"
    "memorysetup-temp-allocator-size-gi-baking-worker=262144"
    "memorysetup-temp-allocator-size-gfx=262144"
Player connection [19008] Host "[IP] 172.20.7.8 [Port] 0 [Flags] 2 [Guid] 4036826236 [EditorId] 4036826236 [Version] 1048832 [Id] WindowsEditor(7,WillPC) [Debug] 1 [PackageName] WindowsEditor [ProjectName] Editor" joined multi-casting on [225.0.0.222:54997]...

Player connection [19008] Host "[IP] 172.20.7.8 [Port] 0 [Flags] 2 [Guid] 4036826236 [EditorId] 4036826236 [Version] 1048832 [Id] WindowsEditor(7,WillPC) [Debug] 1 [PackageName] WindowsEditor [ProjectName] Editor" joined alternative multi-casting on [225.0.0.222:34997]...

[Physics::Module] Initialized MultithreadedJobDispatcher with 23 workers.
Refreshing native plugins compatible for Editor in 5.00 ms, found 3 plugins.
Preloading 0 native plugins for Editor in 0.00 ms.
Initialize engine version: 2022.3.30f1 (70558241b701)
[Subsystems] Discovering subsystems at path C:/Program Files/Unity/Hub/Editor/2022.3.30f1/Editor/Data/Resources/UnitySubsystems
[Subsystems] Discovering subsystems at path C:/CAM Projects/Fighter Planes F24/Assets
GfxDevice: creating device client; threaded=0; jobified=0
Direct3D:
    Version:  Direct3D 11.0 [level 11.1]
    Renderer: AMD Radeon RX 7900 XT (ID=0x744c)
    Vendor:   ATI
    VRAM:     20416 MB
    Driver:   32.0.11029.1008
Initialize mono
Mono path[0] = 'C:/Program Files/Unity/Hub/Editor/2022.3.30f1/Editor/Data/Managed'
Mono path[1] = 'C:/Program Files/Unity/Hub/Editor/2022.3.30f1/Editor/Data/MonoBleedingEdge/lib/mono/unityjit-win32'
Mono config path = 'C:/Program Files/Unity/Hub/Editor/2022.3.30f1/Editor/Data/MonoBleedingEdge/etc'
Using monoOptions --debugger-agent=transport=dt_socket,embedding=1,server=y,suspend=n,address=127.0.0.1:56840
Begin MonoManager ReloadAssembly
Registering precompiled unity dll's ...
Register platform support module: C:/Program Files/Unity/Hub/Editor/2022.3.30f1/Editor/Data/PlaybackEngines/WindowsStandaloneSupport/UnityEditor.WindowsStandalone.Extensions.dll
Registered in 0.004744 seconds.
- Loaded All Assemblies, in  0.178 seconds
Native extension for WindowsStandalone target not found
Mono: successfully reloaded assembly
- Finished resetting the current domain, in  0.135 seconds
Domain Reload Profiling: 312ms
	BeginReloadAssembly (57ms)
		ExecutionOrderSort (0ms)
		DisableScriptedObjects (0ms)
		BackupInstance (0ms)
		ReleaseScriptingObjects (0ms)
		CreateAndSetChildDomain (0ms)
	RebuildCommonClasses (17ms)
	RebuildNativeTypeToScriptingClass (6ms)
	initialDomainReloadingComplete (31ms)
	LoadAllAssembliesAndSetupDomain (65ms)
		LoadAssemblies (56ms)
		RebuildTransferFunctionScriptingTraits (0ms)
		AnalyzeDomain (64ms)
			TypeCache.Refresh (64ms)
				TypeCache.ScanAssembly (57ms)
			ScanForSourceGeneratedMonoScriptInfo (0ms)
			ResolveRequiredComponents (0ms)
	FinalizeReload (136ms)
		ReleaseScriptCaches (0ms)
		RebuildScriptCaches (0ms)
		SetupLoadedEditorAssemblies (107ms)
			LogAssemblyErrors (0ms)
			InitializePlatformSupportModulesInManaged (5ms)
			SetLoadedEditorAssemblies (4ms)
			RefreshPlugins (0ms)
			BeforeProcessingInitializeOnLoad (1ms)
			ProcessInitializeOnLoadAttributes (74ms)
			ProcessInitializeOnLoadMethodAttributes (24ms)
			AfterProcessingInitializeOnLoad (0ms)
			EditorAssembliesLoaded (0ms)
		ExecutionOrderSort2 (0ms)
		AwakeInstancesAfterBackupRestoration (0ms)
========================================================================
Worker process is ready to serve import requests
Begin MonoManager ReloadAssembly
- Loaded All Assemblies, in  0.313 seconds
Refreshing native plugins compatible for Editor in 2.52 ms, found 3 plugins.
Native extension for WindowsStandalone target not found
Package Manager log level set to [2]
[Package Manager] Server::EnsureServerProcessIsRunning -- launch failed, reason: Unity was launched with the -noUpm command-line argument
[Package Manager] UpmClient::Send -- Unable to send message (not connected to UPM process).
[Package Manager] Cannot connect to Unity Package Manager local server
Mono: successfully reloaded assembly
- Finished resetting the current domain, in  0.312 seconds
Domain Reload Profiling: 623ms
	BeginReloadAssembly (79ms)
		ExecutionOrderSort (0ms)
		DisableScriptedObjects (3ms)
		BackupInstance (0ms)
		ReleaseScriptingObjects (0ms)
		CreateAndSetChildDomain (13ms)
	RebuildCommonClasses (16ms)
	RebuildNativeTypeToScriptingClass (6ms)
	initialDomainReloadingComplete (23ms)
	LoadAllAssembliesAndSetupDomain (187ms)
		LoadAssemblies (149ms)
		RebuildTransferFunctionScriptingTraits (0ms)
		AnalyzeDomain (84ms)
			TypeCache.Refresh (74ms)
				TypeCache.ScanAssembly (66ms)
			ScanForSourceGeneratedMonoScriptInfo (7ms)
			ResolveRequiredComponents (2ms)
	FinalizeReload (313ms)
		ReleaseScriptCaches (0ms)
		RebuildScriptCaches (0ms)
		SetupLoadedEditorAssemblies (241ms)
			LogAssemblyErrors (0ms)
			InitializePlatformSupportModulesInManaged (3ms)
			SetLoadedEditorAssemblies (2ms)
			RefreshPlugins (0ms)
			BeforeProcessingInitializeOnLoad (32ms)
			ProcessInitializeOnLoadAttributes (189ms)
			ProcessInitializeOnLoadMethodAttributes (10ms)
			AfterProcessingInitializeOnLoad (5ms)
			EditorAssembliesLoaded (0ms)
		ExecutionOrderSort2 (0ms)
		AwakeInstancesAfterBackupRestoration (4ms)
Launched and connected shader compiler UnityShaderCompiler.exe after 0.02 seconds
Refreshing native plugins compatible for Editor in 2.29 ms, found 3 plugins.
Preloading 0 native plugins for Editor in 0.00 ms.
Unloading 3114 Unused Serialized files (Serialized files now loaded: 0)
Unloading 33 unused Assets / (57.8 KB). Loaded Objects now: 3574.
Memory consumption went from 123.9 MB to 123.8 MB.
Total: 1.829700 ms (FindLiveObjects: 0.146400 ms CreateObjectMapping: 0.037500 ms MarkObjects: 1.577500 ms  DeleteObjects: 0.067500 ms)

AssetImportParameters requested are different than current active one (requested -> active):
  custom:container-demuxer-ogg: 62fdf1f143b41e24485cea50d1cbac27 -> 
  custom:video-decoder-ogg-theora: a1e56fd34408186e4bbccfd4996cb3dc -> 
  custom:framework-win-MediaFoundation: 216162199b28c13a410421893ffa2e32 -> 
  custom:CustomObjectIndexerAttribute: 9a22284fe3817be447336de3de66b15e -> 
  custom:container-demuxer-webm: 4f35f7cbe854078d1ac9338744f61a02 -> 
  custom:container-muxer-webm: aa71ff27fc2769a1b78a27578f13a17b -> 
  custom:video-decoder-webm-vp8: 9c59270c3fd7afecdb556c50c9e8de78 -> 
  custom:SearchIndexIgnoredProperties: e643bd26f0fe6173181afceb89e7c659 -> 
  custom:AudioImporter_EditorPlatform: d09bf68614088b80899f8185d706f6e7 -> 
  custom:video-encoder-webm-vp8: eb34c28f22e8b96e1ab97ce403110664 -> 
  custom:audio-decoder-ogg-vorbis: bf7c407c2cedff20999df2af8eb42d56 -> 
  custom:audio-encoder-webm-vorbis: bf7c407c2cedff20999df2af8eb42d56 -> 
========================================================================
Received Prepare
Begin MonoManager ReloadAssembly
- Loaded All Assemblies, in  0.252 seconds
Refreshing native plugins compatible for Editor in 3.06 ms, found 3 plugins.
Native extension for WindowsStandalone target not found
[Package Manager] Server::EnsureServerProcessIsRunning -- launch failed, reason: Unity was launched with the -noUpm command-line argument
[Package Manager] UpmClient::Send -- Unable to send message (not connected to UPM process).
[Package Manager] Cannot connect to Unity Package Manager local server
Mono: successfully reloaded assembly
- Finished resetting the current domain, in  0.581 seconds
Domain Reload Profiling: 831ms
	BeginReloadAssembly (92ms)
		ExecutionOrderSort (0ms)
		DisableScriptedObjects (2ms)
		BackupInstance (0ms)
		ReleaseScriptingObjects (0ms)
		CreateAndSetChildDomain (21ms)
	RebuildCommonClasses (18ms)
	RebuildNativeTypeToScriptingClass (6ms)
	initialDomainReloadingComplete (20ms)
	LoadAllAssembliesAndSetupDomain (114ms)
		LoadAssemblies (152ms)
		RebuildTransferFunctionScriptingTraits (0ms)
		AnalyzeDomain (9ms)
			TypeCache.Refresh (4ms)
				TypeCache.ScanAssembly (0ms)
			ScanForSourceGeneratedMonoScriptInfo (0ms)
			ResolveRequiredComponents (3ms)
	FinalizeReload (581ms)
		ReleaseScriptCaches (0ms)
		RebuildScriptCaches (0ms)
		SetupLoadedEditorAssemblies (271ms)
			LogAssemblyErrors (0ms)
			InitializePlatformSupportModulesInManaged (3ms)
			SetLoadedEditorAssemblies (2ms)
			RefreshPlugins (0ms)
			BeforeProcessingInitializeOnLoad (34ms)
			ProcessInitializeOnLoadAttributes (213ms)
			ProcessInitializeOnLoadMethodAttributes (12ms)
			AfterProcessingInitializeOnLoad (6ms)
			EditorAssembliesLoaded (0ms)
		ExecutionOrderSort2 (0ms)
		AwakeInstancesAfterBackupRestoration (5ms)
Refreshing native plugins compatible for Editor in 2.45 ms, found 3 plugins.
Preloading 0 native plugins for Editor in 0.00 ms.
Unloading 3094 Unused Serialized files (Serialized files now loaded: 0)
Unloading 24 unused Assets / (31.6 KB). Loaded Objects now: 3577.
Memory consumption went from 119.9 MB to 119.9 MB.
Total: 1.954800 ms (FindLiveObjects: 0.235200 ms CreateObjectMapping: 0.142900 ms MarkObjects: 1.542800 ms  DeleteObjects: 0.033400 ms)

Prepare: number of updated asset objects reloaded= 0
AssetImportParameters requested are different than current active one (requested -> active):
  custom:container-demuxer-ogg: 62fdf1f143b41e24485cea50d1cbac27 -> 
  custom:video-decoder-ogg-theora: a1e56fd34408186e4bbccfd4996cb3dc -> 
  custom:framework-win-MediaFoundation: 216162199b28c13a410421893ffa2e32 -> 
  custom:CustomObjectIndexerAttribute: 9a22284fe3817be447336de3de66b15e -> 
  custom:container-demuxer-webm: 4f35f7cbe854078d1ac9338744f61a02 -> 
  custom:container-muxer-webm: aa71ff27fc2769a1b78a27578f13a17b -> 
  custom:video-decoder-webm-vp8: 9c59270c3fd7afecdb556c50c9e8de78 -> 
  custom:SearchIndexIgnoredProperties: e643bd26f0fe6173181afceb89e7c659 -> 
  custom:AudioImporter_EditorPlatform: d09bf68614088b80899f8185d706f6e7 -> 
  custom:video-encoder-webm-vp8: eb34c28f22e8b96e1ab97ce403110664 -> 
  custom:audio-decoder-ogg-vorbis: bf7c407c2cedff20999df2af8eb42d56 -> 
  custom:audio-encoder-webm-vorbis: bf7c407c2cedff20999df2af8eb42d56 -> 
========================================================================
Received Import Request.
  Time since last request: 6350.903062 seconds.
  path: Assets/Prefabs/Coin.prefab
  artifactKey: Guid(367ca4e4d6decb440a822a3570f2b8cb) Importer(815301076,1909f56bfc062723c751e8b465ee728b)
Start importing Assets/Prefabs/Coin.prefab using Guid(367ca4e4d6decb440a822a3570f2b8cb) Importer(815301076,1909f56bfc062723c751e8b465ee728b)  -> (artifact id: '17553cf45601b63d7d6526285a30e0b7') in 0.059829 seconds
Number of updated asset objects reloaded before import = 0
Number of asset objects unloaded after import = 30
========================================================================
Received Import Request.
  Time since last request: 13.790986 seconds.
  path: Assets/Prefabs/Coin.prefab
  artifactKey: Guid(367ca4e4d6decb440a822a3570f2b8cb) Importer(815301076,1909f56bfc062723c751e8b465ee728b)
Start importing Assets/Prefabs/Coin.prefab using Guid(367ca4e4d6decb440a822a3570f2b8cb) Importer(815301076,1909f56bfc062723c751e8b465ee728b)  -> (artifact id: '87a50f2c65cd8343353b678c7e1824b7') in 0.004869 seconds
Number of updated asset objects reloaded before import = 0
Number of asset objects unloaded after import = 11
========================================================================
Received Import Request.
  Time since last request: 9.142297 seconds.
  path: Assets/Prefabs/Coin.prefab
  artifactKey: Guid(367ca4e4d6decb440a822a3570f2b8cb) Importer(815301076,1909f56bfc062723c751e8b465ee728b)
Start importing Assets/Prefabs/Coin.prefab using Guid(367ca4e4d6decb440a822a3570f2b8cb) Importer(815301076,1909f56bfc062723c751e8b465ee728b)  -> (artifact id: 'e2bca4f0880fe7913de29f63f56d7f14') in 0.004420 seconds
Number of updated asset objects reloaded before import = 0
Number of asset objects unloaded after import = 11
========================================================================
Received Prepare
Begin MonoManager ReloadAssembly
- Loaded All Assemblies, in  0.231 seconds
Refreshing native plugins compatible for Editor in 2.65 ms, found 3 plugins.
Native extension for WindowsStandalone target not found
[Package Manager] Server::EnsureServerProcessIsRunning -- launch failed, reason: Unity was launched with the -noUpm command-line argument
[Package Manager] UpmClient::Send -- Unable to send message (not connected to UPM process).
[Package Manager] Cannot connect to Unity Package Manager local server
Mono: successfully reloaded assembly
- Finished resetting the current domain, in  0.534 seconds
Domain Reload Profiling: 764ms
	BeginReloadAssembly (87ms)
		ExecutionOrderSort (0ms)
		DisableScriptedObjects (2ms)
		BackupInstance (0ms)
		ReleaseScriptingObjects (0ms)
		CreateAndSetChildDomain (20ms)
	RebuildCommonClasses (17ms)
	RebuildNativeTypeToScriptingClass (6ms)
	initialDomainReloadingComplete (17ms)
	LoadAllAssembliesAndSetupDomain (103ms)
		LoadAssemblies (141ms)
		RebuildTransferFunctionScriptingTraits (0ms)
		AnalyzeDomain (7ms)
			TypeCache.Refresh (3ms)
				TypeCache.ScanAssembly (0ms)
			ScanForSourceGeneratedMonoScriptInfo (0ms)
			ResolveRequiredComponents (3ms)
	FinalizeReload (534ms)
		ReleaseScriptCaches (0ms)
		RebuildScriptCaches (0ms)
		SetupLoadedEditorAssemblies (243ms)
			LogAssemblyErrors (0ms)
			InitializePlatformSupportModulesInManaged (3ms)
			SetLoadedEditorAssemblies (2ms)
			RefreshPlugins (0ms)
			BeforeProcessingInitializeOnLoad (33ms)
			ProcessInitializeOnLoadAttributes (186ms)
			ProcessInitializeOnLoadMethodAttributes (12ms)
			AfterProcessingInitializeOnLoad (7ms)
			EditorAssembliesLoaded (0ms)
		ExecutionOrderSort2 (0ms)
		AwakeInstancesAfterBackupRestoration (5ms)
Refreshing native plugins compatible for Editor in 2.72 ms, found 3 plugins.
Preloading 0 native plugins for Editor in 0.00 ms.
Unloading 3093 Unused Serialized files (Serialized files now loaded: 0)
Unloading 24 unused Assets / (31.7 KB). Loaded Objects now: 3588.
Memory consumption went from 124.2 MB to 124.1 MB.
Total: 1.828000 ms (FindLiveObjects: 0.185200 ms CreateObjectMapping: 0.037900 ms MarkObjects: 1.566900 ms  DeleteObjects: 0.037300 ms)

Prepare: number of updated asset objects reloaded= 0
AssetImportParameters requested are different than current active one (requested -> active):
  custom:container-demuxer-ogg: 62fdf1f143b41e24485cea50d1cbac27 -> 
  custom:video-decoder-ogg-theora: a1e56fd34408186e4bbccfd4996cb3dc -> 
  custom:framework-win-MediaFoundation: 216162199b28c13a410421893ffa2e32 -> 
  custom:CustomObjectIndexerAttribute: 9a22284fe3817be447336de3de66b15e -> 
  custom:container-demuxer-webm: 4f35f7cbe854078d1ac9338744f61a02 -> 
  custom:container-muxer-webm: aa71ff27fc2769a1b78a27578f13a17b -> 
  custom:video-decoder-webm-vp8: 9c59270c3fd7afecdb556c50c9e8de78 -> 
  custom:SearchIndexIgnoredProperties: e643bd26f0fe6173181afceb89e7c659 -> 
  custom:AudioImporter_EditorPlatform: d09bf68614088b80899f8185d706f6e7 -> 
  custom:video-encoder-webm-vp8: eb34c28f22e8b96e1ab97ce403110664 -> 
  custom:audio-decoder-ogg-vorbis: bf7c407c2cedff20999df2af8eb42d56 -> 
  custom:audio-encoder-webm-vorbis: bf7c407c2cedff20999df2af8eb42d56 -> 
========================================================================
Received Import Request.
  Time since last request: 22.043208 seconds.
  path: Assets/Prefabs/Coin.prefab
  artifactKey: Guid(367ca4e4d6decb440a822a3570f2b8cb) Importer(815301076,1909f56bfc062723c751e8b465ee728b)
Start importing Assets/Prefabs/Coin.prefab using Guid(367ca4e4d6decb440a822a3570f2b8cb) Importer(815301076,1909f56bfc062723c751e8b465ee728b)  -> (artifact id: 'd24d18ceae041563523d387eebe94d57') in 0.030264 seconds
Number of updated asset objects reloaded before import = 0
Number of asset objects unloaded after import = 11
========================================================================
Received Import Request.
  Time since last request: 22.440814 seconds.
  path: Assets/Animation/coin.controller
  artifactKey: Guid(e840abb3e9fb1d240902223123c719b6) Importer(815301076,1909f56bfc062723c751e8b465ee728b)
Start importing Assets/Animation/coin.controller using Guid(e840abb3e9fb1d240902223123c719b6) Importer(815301076,1909f56bfc062723c751e8b465ee728b)  -> (artifact id: '42c8dc2de229bed7091f1e31131be527') in 0.000993 seconds
Number of updated asset objects reloaded before import = 0
Number of asset objects unloaded after import = 1
========================================================================
Received Prepare
Begin MonoManager ReloadAssembly
- Loaded All Assemblies, in  0.231 seconds
Refreshing native plugins compatible for Editor in 2.47 ms, found 3 plugins.
Native extension for WindowsStandalone target not found
[Package Manager] Server::EnsureServerProcessIsRunning -- launch failed, reason: Unity was launched with the -noUpm command-line argument
[Package Manager] UpmClient::Send -- Unable to send message (not connected to UPM process).
[Package Manager] Cannot connect to Unity Package Manager local server
Mono: successfully reloaded assembly
- Finished resetting the current domain, in  0.550 seconds
Domain Reload Profiling: 779ms
	BeginReloadAssembly (87ms)
		ExecutionOrderSort (0ms)
		DisableScriptedObjects (2ms)
		BackupInstance (0ms)
		ReleaseScriptingObjects (0ms)
		CreateAndSetChildDomain (20ms)
	RebuildCommonClasses (16ms)
	RebuildNativeTypeToScriptingClass (6ms)
	initialDomainReloadingComplete (17ms)
	LoadAllAssembliesAndSetupDomain (103ms)
		LoadAssemblies (140ms)
		RebuildTransferFunctionScriptingTraits (0ms)
		AnalyzeDomain (7ms)
			TypeCache.Refresh (3ms)
				TypeCache.ScanAssembly (0ms)
			ScanForSourceGeneratedMonoScriptInfo (0ms)
			ResolveRequiredComponents (3ms)
	FinalizeReload (550ms)
		ReleaseScriptCaches (0ms)
		RebuildScriptCaches (0ms)
		SetupLoadedEditorAssemblies (259ms)
			LogAssemblyErrors (0ms)
			InitializePlatformSupportModulesInManaged (4ms)
			SetLoadedEditorAssemblies (2ms)
			RefreshPlugins (0ms)
			BeforeProcessingInitializeOnLoad (33ms)
			ProcessInitializeOnLoadAttributes (202ms)
			ProcessInitializeOnLoadMethodAttributes (12ms)
			AfterProcessingInitializeOnLoad (6ms)
			EditorAssembliesLoaded (0ms)
		ExecutionOrderSort2 (0ms)
		AwakeInstancesAfterBackupRestoration (5ms)
Refreshing native plugins compatible for Editor in 2.82 ms, found 3 plugins.
Preloading 0 native plugins for Editor in 0.00 ms.
Unloading 3093 Unused Serialized files (Serialized files now loaded: 0)
Unloading 24 unused Assets / (31.6 KB). Loaded Objects now: 3591.
Memory consumption went from 124.2 MB to 124.1 MB.
Total: 1.769900 ms (FindLiveObjects: 0.152700 ms CreateObjectMapping: 0.037200 ms MarkObjects: 1.549600 ms  DeleteObjects: 0.029800 ms)

Prepare: number of updated asset objects reloaded= 0
AssetImportParameters requested are different than current active one (requested -> active):
  custom:container-demuxer-ogg: 62fdf1f143b41e24485cea50d1cbac27 -> 
  custom:video-decoder-ogg-theora: a1e56fd34408186e4bbccfd4996cb3dc -> 
  custom:framework-win-MediaFoundation: 216162199b28c13a410421893ffa2e32 -> 
  custom:CustomObjectIndexerAttribute: 9a22284fe3817be447336de3de66b15e -> 
  custom:container-demuxer-webm: 4f35f7cbe854078d1ac9338744f61a02 -> 
  custom:container-muxer-webm: aa71ff27fc2769a1b78a27578f13a17b -> 
  custom:video-decoder-webm-vp8: 9c59270c3fd7afecdb556c50c9e8de78 -> 
  custom:SearchIndexIgnoredProperties: e643bd26f0fe6173181afceb89e7c659 -> 
  custom:AudioImporter_EditorPlatform: d09bf68614088b80899f8185d706f6e7 -> 
  custom:video-encoder-webm-vp8: eb34c28f22e8b96e1ab97ce403110664 -> 
  custom:audio-decoder-ogg-vorbis: bf7c407c2cedff20999df2af8eb42d56 -> 
  custom:audio-encoder-webm-vorbis: bf7c407c2cedff20999df2af8eb42d56 -> 
========================================================================
Received Import Request.
  Time since last request: 150.512204 seconds.
  path: Assets/Sprites/Explosion/Explosion_00000.png
  artifactKey: Guid(266113fcf3d44804b9f867ff14f8c143) Importer(815301076,1909f56bfc062723c751e8b465ee728b)
Start importing Assets/Sprites/Explosion/Explosion_00000.png using Guid(266113fcf3d44804b9f867ff14f8c143) Importer(815301076,1909f56bfc062723c751e8b465ee728b)  -> (artifact id: '16e03c1b0203194f84032797b4c5d015') in 0.045015 seconds
Number of updated asset objects reloaded before import = 0
Number of asset objects unloaded after import = 3
========================================================================
Received Import Request.
  Time since last request: 0.000016 seconds.
  path: Assets/Sprites/Explosion/Explosion_00039.png
  artifactKey: Guid(6fe01c0940a07b849be0f871e7bfa288) Importer(815301076,1909f56bfc062723c751e8b465ee728b)
Start importing Assets/Sprites/Explosion/Explosion_00039.png using Guid(6fe01c0940a07b849be0f871e7bfa288) Importer(815301076,1909f56bfc062723c751e8b465ee728b)  -> (artifact id: '99b9711ccd333421b009a25259f47a56') in 0.009847 seconds
Number of updated asset objects reloaded before import = 0
Number of asset objects unloaded after import = 3
========================================================================
Received Import Request.
  Time since last request: 0.000022 seconds.
  path: Assets/Sprites/Explosion/Explosion_00070.png
  artifactKey: Guid(ecbfaab8cb327a448a2a57254f06441c) Importer(815301076,1909f56bfc062723c751e8b465ee728b)
Start importing Assets/Sprites/Explosion/Explosion_00070.png using Guid(ecbfaab8cb327a448a2a57254f06441c) Importer(815301076,1909f56bfc062723c751e8b465ee728b)  -> (artifact id: '4cc9b2aba802dbedd033334c0351008f') in 0.009153 seconds
Number of updated asset objects reloaded before import = 0
Number of asset objects unloaded after import = 3
========================================================================
Received Import Request.
  Time since last request: 0.000010 seconds.
  path: Assets/Sprites/Explosion/Explosion_00106.png
  artifactKey: Guid(9fd2a7e3383c5af4faa72f2ac41abef5) Importer(815301076,1909f56bfc062723c751e8b465ee728b)
Start importing Assets/Sprites/Explosion/Explosion_00106.png using Guid(9fd2a7e3383c5af4faa72f2ac41abef5) Importer(815301076,1909f56bfc062723c751e8b465ee728b)  -> (artifact id: '57381fe6953306d1fa294906c1ca422e') in 0.007970 seconds
Number of updated asset objects reloaded before import = 0
Number of asset objects unloaded after import = 3
========================================================================
Received Import Request.
  Time since last request: 0.000012 seconds.
  path: Assets/Sprites/Explosion/Explosion_00136.png
  artifactKey: Guid(68a53a95990f27848863022b87d2e266) Importer(815301076,1909f56bfc062723c751e8b465ee728b)
Start importing Assets/Sprites/Explosion/Explosion_00136.png using Guid(68a53a95990f27848863022b87d2e266) Importer(815301076,1909f56bfc062723c751e8b465ee728b)  -> (artifact id: '9beea35d52d0e79fdc39c455a775eaef') in 0.008963 seconds
Number of updated asset objects reloaded before import = 0
Number of asset objects unloaded after import = 3
========================================================================
Received Import Request.
  Time since last request: 0.000013 seconds.
  path: Assets/Sprites/Explosion/Explosion_00154.png
  artifactKey: Guid(1f0eb28f29d4eeb418ff2fbef4f9a804) Importer(815301076,1909f56bfc062723c751e8b465ee728b)
Start importing Assets/Sprites/Explosion/Explosion_00154.png using Guid(1f0eb28f29d4eeb418ff2fbef4f9a804) Importer(815301076,1909f56bfc062723c751e8b465ee728b)  -> (artifact id: '962b43c17abd26bac0cb8a85c1380770') in 0.008850 seconds
Number of updated asset objects reloaded before import = 0
Number of asset objects unloaded after import = 3
========================================================================
Received Import Request.
  Time since last request: 0.000010 seconds.
  path: Assets/Sprites/Explosion/Explosion_00109.png
  artifactKey: Guid(3311fa85ac7b92d4497e83eabe9e917a) Importer(815301076,1909f56bfc062723c751e8b465ee728b)
Start importing Assets/Sprites/Explosion/Explosion_00109.png using Guid(3311fa85ac7b92d4497e83eabe9e917a) Importer(815301076,1909f56bfc062723c751e8b465ee728b)  -> (artifact id: 'ba4a99cccbad8646fcc9fc4c45495b06') in 0.009447 seconds
Number of updated asset objects reloaded before import = 0
Number of asset objects unloaded after import = 3
========================================================================
Received Import Request.
  Time since last request: 0.000013 seconds.
  path: Assets/Sprites/Explosion/Explosion_00105.png
  artifactKey: Guid(0fac6ee39731acd46b381d772d214add) Importer(815301076,1909f56bfc062723c751e8b465ee728b)
Start importing Assets/Sprites/Explosion/Explosion_00105.png using Guid(0fac6ee39731acd46b381d772d214add) Importer(815301076,1909f56bfc062723c751e8b465ee728b)  -> (artifact id: 'fab5535943871a2d85e44fc9e940c69f') in 0.008446 seconds
Number of updated asset objects reloaded before import = 0
Number of asset objects unloaded after import = 3
========================================================================
Received Import Request.
  Time since last request: 0.000008 seconds.
  path: Assets/Sprites/Explosion/Explosion_00116.png
  artifactKey: Guid(980e982226d6efb4cb99ef76d18364b6) Importer(815301076,1909f56bfc062723c751e8b465ee728b)
Start importing Assets/Sprites/Explosion/Explosion_00116.png using Guid(980e982226d6efb4cb99ef76d18364b6) Importer(815301076,1909f56bfc062723c751e8b465ee728b)  -> (artifact id: '92dee5be3f114fcd00a4b6166183c509') in 0.007685 seconds
Number of updated asset objects reloaded before import = 0
Number of asset objects unloaded after import = 3
========================================================================
Received Import Request.
  Time since last request: 0.000011 seconds.
  path: Assets/Sprites/Explosion/Explosion_00075.png
  artifactKey: Guid(84c0d1b1e25425f48b6084e94637b701) Importer(815301076,1909f56bfc062723c751e8b465ee728b)
Start importing Assets/Sprites/Explosion/Explosion_00075.png using Guid(84c0d1b1e25425f48b6084e94637b701) Importer(815301076,1909f56bfc062723c751e8b465ee728b)  -> (artifact id: '338040c4464be8ca91124bf34e89faf2') in 0.009300 seconds
Number of updated asset objects reloaded before import = 0
Number of asset objects unloaded after import = 3
========================================================================
Received Import Request.
  Time since last request: 0.000013 seconds.
  path: Assets/Sprites/Explosion/Explosion_00063.png
  artifactKey: Guid(4c3c9cfb2a794084c80ab0e96229593d) Importer(815301076,1909f56bfc062723c751e8b465ee728b)
Start importing Assets/Sprites/Explosion/Explosion_00063.png using Guid(4c3c9cfb2a794084c80ab0e96229593d) Importer(815301076,1909f56bfc062723c751e8b465ee728b)  -> (artifact id: '25bd679e3c2fdf51848bac419d900909') in 0.011132 seconds
Number of updated asset objects reloaded before import = 0
Number of asset objects unloaded after import = 3
========================================================================
Received Import Request.
  Time since last request: 0.000010 seconds.
  path: Assets/Sprites/Explosion/Explosion_00112.png
  artifactKey: Guid(b4ee36175144964448bd4b68aa613dc4) Importer(815301076,1909f56bfc062723c751e8b465ee728b)
Start importing Assets/Sprites/Explosion/Explosion_00112.png using Guid(b4ee36175144964448bd4b68aa613dc4) Importer(815301076,1909f56bfc062723c751e8b465ee728b)  -> (artifact id: '2f9cf4a9551d3934f880581ab21b830c') in 0.009028 seconds
Number of updated asset objects reloaded before import = 0
Number of asset objects unloaded after import = 3
========================================================================
Received Import Request.
  Time since last request: 0.000011 seconds.
  path: Assets/Sprites/Explosion/Explosion_00053.png
  artifactKey: Guid(70e22118f3a0b7b4d805337d54fb55a1) Importer(815301076,1909f56bfc062723c751e8b465ee728b)
Start importing Assets/Sprites/Explosion/Explosion_00053.png using Guid(70e22118f3a0b7b4d805337d54fb55a1) Importer(815301076,1909f56bfc062723c751e8b465ee728b)  -> (artifact id: 'e76120fcde3808e4afdc78096b7ae4d2') in 0.009834 seconds
Number of updated asset objects reloaded before import = 0
Number of asset objects unloaded after import = 3
========================================================================
Received Import Request.
  Time since last request: 0.000010 seconds.
  path: Assets/Sprites/Explosion/Explosion_00157.png
  artifactKey: Guid(d65dfa89f678ce9419664de5b8e791cb) Importer(815301076,1909f56bfc062723c751e8b465ee728b)
Start importing Assets/Sprites/Explosion/Explosion_00157.png using Guid(d65dfa89f678ce9419664de5b8e791cb) Importer(815301076,1909f56bfc062723c751e8b465ee728b)  -> (artifact id: '6feb2feb211c00b6df5d05e4cb4e13bf') in 0.009751 seconds
Number of updated asset objects reloaded before import = 0
Number of asset objects unloaded after import = 3
========================================================================
Received Import Request.
  Time since last request: 0.000012 seconds.
  path: Assets/Sprites/Explosion/Explosion_00103.png
  artifactKey: Guid(9e2455110bcecc543956604ff2b1fed9) Importer(815301076,1909f56bfc062723c751e8b465ee728b)
Start importing Assets/Sprites/Explosion/Explosion_00103.png using Guid(9e2455110bcecc543956604ff2b1fed9) Importer(815301076,1909f56bfc062723c751e8b465ee728b)  -> (artifact id: '7b3bca5e74164e834414bae685925792') in 0.010010 seconds
Number of updated asset objects reloaded before import = 0
Number of asset objects unloaded after import = 3
========================================================================
Received Import Request.
  Time since last request: 0.000011 seconds.
  path: Assets/Sprites/Explosion/Explosion_00137.png
  artifactKey: Guid(014ed364f29f75c49b0f9e536f15e5ac) Importer(815301076,1909f56bfc062723c751e8b465ee728b)
Start importing Assets/Sprites/Explosion/Explosion_00137.png using Guid(014ed364f29f75c49b0f9e536f15e5ac) Importer(815301076,1909f56bfc062723c751e8b465ee728b)  -> (artifact id: '00587ab07303a6cea14f4ce93b76ea18') in 0.011244 seconds
Number of updated asset objects reloaded before import = 0
Number of asset objects unloaded after import = 3
========================================================================
Received Import Request.
  Time since last request: 0.000012 seconds.
  path: Assets/Sprites/Explosion/Explosion_00141.png
  artifactKey: Guid(d1367e5c77a5f02428ad272159bf5ee5) Importer(815301076,1909f56bfc062723c751e8b465ee728b)
Start importing Assets/Sprites/Explosion/Explosion_00141.png using Guid(d1367e5c77a5f02428ad272159bf5ee5) Importer(815301076,1909f56bfc062723c751e8b465ee728b)  -> (artifact id: '02a4fc64ec0eac29647e57a1b4d7e9c1') in 0.010816 seconds
Number of updated asset objects reloaded before import = 0
Number of asset objects unloaded after import = 3
========================================================================
Received Import Request.
  Time since last request: 0.000015 seconds.
  path: Assets/Sprites/Explosion/Explosion_00015.png
  artifactKey: Guid(55ee0da7d35ff3642ac4886dbf9d7620) Importer(815301076,1909f56bfc062723c751e8b465ee728b)
Start importing Assets/Sprites/Explosion/Explosion_00015.png using Guid(55ee0da7d35ff3642ac4886dbf9d7620) Importer(815301076,1909f56bfc062723c751e8b465ee728b)  -> (artifact id: 'd5fbcba17eb9ee92d0d2758d0878eb0f') in 0.010492 seconds
Number of updated asset objects reloaded before import = 0
Number of asset objects unloaded after import = 3
========================================================================
Received Import Request.
  Time since last request: 0.000016 seconds.
  path: Assets/Sprites/Explosion/Explosion_00018.png
  artifactKey: Guid(9e561fde5004af04aa91058226252f76) Importer(815301076,1909f56bfc062723c751e8b465ee728b)
Start importing Assets/Sprites/Explosion/Explosion_00018.png using Guid(9e561fde5004af04aa91058226252f76) Importer(815301076,1909f56bfc062723c751e8b465ee728b)  -> (artifact id: '32686d6e5914489fcf207956a25f0056') in 0.010448 seconds
Number of updated asset objects reloaded before import = 0
Number of asset objects unloaded after import = 3
========================================================================
Received Import Request.
  Time since last request: 0.000010 seconds.
  path: Assets/Sprites/Explosion/Explosion_00042.png
  artifactKey: Guid(b152454142ca279428074408f0a5b4c8) Importer(815301076,1909f56bfc062723c751e8b465ee728b)
Start importing Assets/Sprites/Explosion/Explosion_00042.png using Guid(b152454142ca279428074408f0a5b4c8) Importer(815301076,1909f56bfc062723c751e8b465ee728b)  -> (artifact id: '20b1f97b1e1d444e178cf64990b5ac28') in 0.011189 seconds
Number of updated asset objects reloaded before import = 0
Number of asset objects unloaded after import = 3
========================================================================
Received Import Request.
  Time since last request: 0.000013 seconds.
  path: Assets/Sprites/Explosion/Explosion_00008.png
  artifactKey: Guid(109c68367ab1c1b4799cd98fb5c61388) Importer(815301076,1909f56bfc062723c751e8b465ee728b)
Start importing Assets/Sprites/Explosion/Explosion_00008.png using Guid(109c68367ab1c1b4799cd98fb5c61388) Importer(815301076,1909f56bfc062723c751e8b465ee728b)  -> (artifact id: 'b080c38183cb47de215f4840d0a4d4aa') in 0.010502 seconds
Number of updated asset objects reloaded before import = 0
Number of asset objects unloaded after import = 3
========================================================================
Received Import Request.
  Time since last request: 0.000014 seconds.
  path: Assets/Sprites/Explosion/Explosion_00107.png
  artifactKey: Guid(e699d06780868b9488e7a951bc20814e) Importer(815301076,1909f56bfc062723c751e8b465ee728b)
Start importing Assets/Sprites/Explosion/Explosion_00107.png using Guid(e699d06780868b9488e7a951bc20814e) Importer(815301076,1909f56bfc062723c751e8b465ee728b)  -> (artifact id: 'e46f834bf14cb67286228d691f439613') in 0.008946 seconds
Number of updated asset objects reloaded before import = 0
Number of asset objects unloaded after import = 3
========================================================================
Received Import Request.
  Time since last request: 0.000015 seconds.
  path: Assets/Sprites/Explosion/Explosion_00005.png
  artifactKey: Guid(5513a86b06c0c7249949032cd7748ee2) Importer(815301076,1909f56bfc062723c751e8b465ee728b)
Start importing Assets/Sprites/Explosion/Explosion_00005.png using Guid(5513a86b06c0c7249949032cd7748ee2) Importer(815301076,1909f56bfc062723c751e8b465ee728b)  -> (artifact id: '5414900c0b3d55192237d9a25d479767') in 0.009227 seconds
Number of updated asset objects reloaded before import = 0
Number of asset objects unloaded after import = 3
========================================================================
Received Import Request.
  Time since last request: 0.000021 seconds.
  path: Assets/Sprites/Explosion/Explosion_00120.png
  artifactKey: Guid(9801ed49d07e9214295b860ba0a42b01) Importer(815301076,1909f56bfc062723c751e8b465ee728b)
Start importing Assets/Sprites/Explosion/Explosion_00120.png using Guid(9801ed49d07e9214295b860ba0a42b01) Importer(815301076,1909f56bfc062723c751e8b465ee728b)  -> (artifact id: 'd2c60902815c44d21094b3e6a29fed25') in 0.013055 seconds
Number of updated asset objects reloaded before import = 0
Number of asset objects unloaded after import = 3
========================================================================
Received Import Request.
  Time since last request: 0.000016 seconds.
  path: Assets/Sprites/Explosion/Explosion_00090.png
  artifactKey: Guid(e27e1ea2bb1512c49b569d47f49b1b6c) Importer(815301076,1909f56bfc062723c751e8b465ee728b)
Start importing Assets/Sprites/Explosion/Explosion_00090.png using Guid(e27e1ea2bb1512c49b569d47f49b1b6c) Importer(815301076,1909f56bfc062723c751e8b465ee728b)  -> (artifact id: '8e2d8421a50fe02a9e00412055aee42b') in 0.015577 seconds
Number of updated asset objects reloaded before import = 0
Number of asset objects unloaded after import = 3
========================================================================
Received Import Request.
  Time since last request: 0.000018 seconds.
  path: Assets/Sprites/Explosion/Explosion_00082.png
  artifactKey: Guid(120472f87b892344688d07023109c095) Importer(815301076,1909f56bfc062723c751e8b465ee728b)
Start importing Assets/Sprites/Explosion/Explosion_00082.png using Guid(120472f87b892344688d07023109c095) Importer(815301076,1909f56bfc062723c751e8b465ee728b)  -> (artifact id: 'bb5f9e06a10a2ade2793c3b7b2004dd7') in 0.015008 seconds
Number of updated asset objects reloaded before import = 0
Number of asset objects unloaded after import = 3
========================================================================
Received Import Request.
  Time since last request: 0.000019 seconds.
  path: Assets/Sprites/Explosion/Explosion_00111.png
  artifactKey: Guid(d0d187df9f5570b41a4675bd4957104c) Importer(815301076,1909f56bfc062723c751e8b465ee728b)
Start importing Assets/Sprites/Explosion/Explosion_00111.png using Guid(d0d187df9f5570b41a4675bd4957104c) Importer(815301076,1909f56bfc062723c751e8b465ee728b)  -> (artifact id: 'b71097aeab7bae166647c17113353049') in 0.013843 seconds
Number of updated asset objects reloaded before import = 0
Number of asset objects unloaded after import = 3
========================================================================
Received Import Request.
  Time since last request: 0.000013 seconds.
  path: Assets/Sprites/Explosion/Explosion_00140.png
  artifactKey: Guid(c5d80f92a45911d498e00112877b2b45) Importer(815301076,1909f56bfc062723c751e8b465ee728b)
Start importing Assets/Sprites/Explosion/Explosion_00140.png using Guid(c5d80f92a45911d498e00112877b2b45) Importer(815301076,1909f56bfc062723c751e8b465ee728b)  -> (artifact id: '7b0343764fa526078655b67189de2a62') in 0.012518 seconds
Number of updated asset objects reloaded before import = 0
Number of asset objects unloaded after import = 3
========================================================================
Received Import Request.
  Time since last request: 0.000012 seconds.
  path: Assets/Sprites/Explosion/Explosion_00129.png
  artifactKey: Guid(a351307c1a5b77542bcdfeb6dafed83b) Importer(815301076,1909f56bfc062723c751e8b465ee728b)
Start importing Assets/Sprites/Explosion/Explosion_00129.png using Guid(a351307c1a5b77542bcdfeb6dafed83b) Importer(815301076,1909f56bfc062723c751e8b465ee728b)  -> (artifact id: 'f2187dd85c3c603c5eb22d605f12e3ec') in 0.011465 seconds
Number of updated asset objects reloaded before import = 0
Number of asset objects unloaded after import = 3
========================================================================
Received Import Request.
  Time since last request: 0.000016 seconds.
  path: Assets/Sprites/Explosion/Explosion_00059.png
  artifactKey: Guid(f4e2961837931504b9126e5cd47d95bf) Importer(815301076,1909f56bfc062723c751e8b465ee728b)
Start importing Assets/Sprites/Explosion/Explosion_00059.png using Guid(f4e2961837931504b9126e5cd47d95bf) Importer(815301076,1909f56bfc062723c751e8b465ee728b)  -> (artifact id: 'b5ac94b71a2bc49c829cf185c75d17bd') in 0.012869 seconds
Number of updated asset objects reloaded before import = 0
Number of asset objects unloaded after import = 3
========================================================================
Received Import Request.
  Time since last request: 0.000011 seconds.
  path: Assets/Sprites/Explosion/Explosion_00124.png
  artifactKey: Guid(6e6ac951b8f509944b709ebedc36c7ea) Importer(815301076,1909f56bfc062723c751e8b465ee728b)
Start importing Assets/Sprites/Explosion/Explosion_00124.png using Guid(6e6ac951b8f509944b709ebedc36c7ea) Importer(815301076,1909f56bfc062723c751e8b465ee728b)  -> (artifact id: '45e9e41b9183ab7c12bac6f587abbd29') in 0.011730 seconds
Number of updated asset objects reloaded before import = 0
Number of asset objects unloaded after import = 3
========================================================================
Received Import Request.
  Time since last request: 0.000017 seconds.
  path: Assets/Sprites/Explosion/Explosion_00007.png
  artifactKey: Guid(98a73cc5a5aab3043a5f09d9cf21da63) Importer(815301076,1909f56bfc062723c751e8b465ee728b)
Start importing Assets/Sprites/Explosion/Explosion_00007.png using Guid(98a73cc5a5aab3043a5f09d9cf21da63) Importer(815301076,1909f56bfc062723c751e8b465ee728b)  -> (artifact id: '383d8c01074e3cb4df24f0fc473d0f17') in 0.012528 seconds
Number of updated asset objects reloaded before import = 0
Number of asset objects unloaded after import = 3
========================================================================
Received Import Request.
  Time since last request: 0.000017 seconds.
  path: Assets/Sprites/Explosion/Explosion_00052.png
  artifactKey: Guid(191295881ad222749b9987bbf90474ae) Importer(815301076,1909f56bfc062723c751e8b465ee728b)
Start importing Assets/Sprites/Explosion/Explosion_00052.png using Guid(191295881ad222749b9987bbf90474ae) Importer(815301076,1909f56bfc062723c751e8b465ee728b)  -> (artifact id: '3c6b7977b3fcafa508c954093f903703') in 0.014801 seconds
Number of updated asset objects reloaded before import = 0
Number of asset objects unloaded after import = 3
========================================================================
Received Import Request.
  Time since last request: 0.000017 seconds.
  path: Assets/Sprites/Explosion/Explosion_00033.png
  artifactKey: Guid(80c6338bdcdea4a46b2d5086d810b5dd) Importer(815301076,1909f56bfc062723c751e8b465ee728b)
Start importing Assets/Sprites/Explosion/Explosion_00033.png using Guid(80c6338bdcdea4a46b2d5086d810b5dd) Importer(815301076,1909f56bfc062723c751e8b465ee728b)  -> (artifact id: '2b2cd43af3c05aa3f3960d7ed450abd6') in 0.016743 seconds
Number of updated asset objects reloaded before import = 0
Number of asset objects unloaded after import = 3
========================================================================
Received Import Request.
  Time since last request: 0.000026 seconds.
  path: Assets/Sprites/Explosion/Explosion_00139.png
  artifactKey: Guid(8f7f26f9b4b88854ea74f7402e053208) Importer(815301076,1909f56bfc062723c751e8b465ee728b)
Start importing Assets/Sprites/Explosion/Explosion_00139.png using Guid(8f7f26f9b4b88854ea74f7402e053208) Importer(815301076,1909f56bfc062723c751e8b465ee728b)  -> (artifact id: 'bed7dcb72dc6014e8f5d50b4ccf3856b') in 0.014188 seconds
Number of updated asset objects reloaded before import = 0
Number of asset objects unloaded after import = 3
========================================================================
Received Import Request.
  Time since last request: 0.000021 seconds.
  path: Assets/Sprites/Explosion/Explosion_00092.png
  artifactKey: Guid(c668d46bbb5fbe64babd8beca32c14a9) Importer(815301076,1909f56bfc062723c751e8b465ee728b)
Start importing Assets/Sprites/Explosion/Explosion_00092.png using Guid(c668d46bbb5fbe64babd8beca32c14a9) Importer(815301076,1909f56bfc062723c751e8b465ee728b)  -> (artifact id: 'b341835e3c9030771b0d99c350410b59') in 0.014346 seconds
Number of updated asset objects reloaded before import = 0
Number of asset objects unloaded after import = 3
========================================================================
Received Import Request.
  Time since last request: 0.000013 seconds.
  path: Assets/Sprites/Explosion/Explosion_00131.png
  artifactKey: Guid(bd6f5d3be04e8784699db57ab849eb45) Importer(815301076,1909f56bfc062723c751e8b465ee728b)
Start importing Assets/Sprites/Explosion/Explosion_00131.png using Guid(bd6f5d3be04e8784699db57ab849eb45) Importer(815301076,1909f56bfc062723c751e8b465ee728b)  -> (artifact id: 'fe6a56e86e6e87ee99e3a33e0ec4da31') in 0.009768 seconds
Number of updated asset objects reloaded before import = 0
Number of asset objects unloaded after import = 3
========================================================================
Received Import Request.
  Time since last request: 0.000012 seconds.
  path: Assets/Sprites/Explosion/Explosion_00025.png
  artifactKey: Guid(ae7bc9df995e1df4d8e28c551904778b) Importer(815301076,1909f56bfc062723c751e8b465ee728b)
Start importing Assets/Sprites/Explosion/Explosion_00025.png using Guid(ae7bc9df995e1df4d8e28c551904778b) Importer(815301076,1909f56bfc062723c751e8b465ee728b)  -> (artifact id: '6add02dac7c5b3e0ccd288e60e35361e') in 0.012104 seconds
Number of updated asset objects reloaded before import = 0
Number of asset objects unloaded after import = 3
========================================================================
Received Import Request.
  Time since last request: 0.000015 seconds.
  path: Assets/Sprites/Explosion/Explosion_00028.png
  artifactKey: Guid(69cb21db358379549b9c5d90200a5818) Importer(815301076,1909f56bfc062723c751e8b465ee728b)
Start importing Assets/Sprites/Explosion/Explosion_00028.png using Guid(69cb21db358379549b9c5d90200a5818) Importer(815301076,1909f56bfc062723c751e8b465ee728b)  -> (artifact id: '47d8da002ba516fb5e4d359ab465cf41') in 0.012494 seconds
Number of updated asset objects reloaded before import = 0
Number of asset objects unloaded after import = 3
========================================================================
Received Import Request.
  Time since last request: 0.000019 seconds.
  path: Assets/Sprites/Explosion/Explosion_00017.png
  artifactKey: Guid(f81d9e06b5062994487733777956ce03) Importer(815301076,1909f56bfc062723c751e8b465ee728b)
Start importing Assets/Sprites/Explosion/Explosion_00017.png using Guid(f81d9e06b5062994487733777956ce03) Importer(815301076,1909f56bfc062723c751e8b465ee728b)  -> (artifact id: '66288cfebd68dce66a76ea3a4d8d3b77') in 0.010665 seconds
Number of updated asset objects reloaded before import = 0
Number of asset objects unloaded after import = 3
========================================================================
Received Import Request.
  Time since last request: 0.000013 seconds.
  path: Assets/Sprites/Explosion/Explosion_00083.png
  artifactKey: Guid(4ad55b3fb28784d41b987a136d405d2b) Importer(815301076,1909f56bfc062723c751e8b465ee728b)
Start importing Assets/Sprites/Explosion/Explosion_00083.png using Guid(4ad55b3fb28784d41b987a136d405d2b) Importer(815301076,1909f56bfc062723c751e8b465ee728b)  -> (artifact id: 'ff875c2b6bec6b821602431050763e94') in 0.012152 seconds
Number of updated asset objects reloaded before import = 0
Number of asset objects unloaded after import = 3
========================================================================
Received Import Request.
  Time since last request: 0.000012 seconds.
  path: Assets/Sprites/Explosion/Explosion_00043.png
  artifactKey: Guid(a19d07d5a24800e4f988682c0279b6af) Importer(815301076,1909f56bfc062723c751e8b465ee728b)
Start importing Assets/Sprites/Explosion/Explosion_00043.png using Guid(a19d07d5a24800e4f988682c0279b6af) Importer(815301076,1909f56bfc062723c751e8b465ee728b)  -> (artifact id: '33ec63e3ba8ba29e942e03fc37a4dc7b') in 0.012419 seconds
Number of updated asset objects reloaded before import = 0
Number of asset objects unloaded after import = 3
========================================================================
Received Import Request.
  Time since last request: 0.000014 seconds.
  path: Assets/Sprites/Explosion/Explosion_00071.png
  artifactKey: Guid(507d95e0ab84bc242a606e9787315103) Importer(815301076,1909f56bfc062723c751e8b465ee728b)
Start importing Assets/Sprites/Explosion/Explosion_00071.png using Guid(507d95e0ab84bc242a606e9787315103) Importer(815301076,1909f56bfc062723c751e8b465ee728b)  -> (artifact id: '81210018ccdce04703b29082b8e392fd') in 0.011507 seconds
Number of updated asset objects reloaded before import = 0
Number of asset objects unloaded after import = 3
========================================================================
Received Import Request.
  Time since last request: 0.000014 seconds.
  path: Assets/Sprites/Explosion/Explosion_00114.png
  artifactKey: Guid(cea28efcd46ad1c4692ecd500f171bda) Importer(815301076,1909f56bfc062723c751e8b465ee728b)
Start importing Assets/Sprites/Explosion/Explosion_00114.png using Guid(cea28efcd46ad1c4692ecd500f171bda) Importer(815301076,1909f56bfc062723c751e8b465ee728b)  -> (artifact id: 'f9368e1ac68f22dd66dbc5bbef2a4b24') in 0.010865 seconds
Number of updated asset objects reloaded before import = 0
Number of asset objects unloaded after import = 3
========================================================================
Received Import Request.
  Time since last request: 0.000014 seconds.
  path: Assets/Sprites/Explosion/Explosion_00147.png
  artifactKey: Guid(89eb36e747041ef4cb354375ad5d39e8) Importer(815301076,1909f56bfc062723c751e8b465ee728b)
Start importing Assets/Sprites/Explosion/Explosion_00147.png using Guid(89eb36e747041ef4cb354375ad5d39e8) Importer(815301076,1909f56bfc062723c751e8b465ee728b)  -> (artifact id: '8dfaccffd48848bde4fd5bc354a4f1de') in 0.010238 seconds
Number of updated asset objects reloaded before import = 0
Number of asset objects unloaded after import = 3
========================================================================
Received Import Request.
  Time since last request: 0.000016 seconds.
  path: Assets/Sprites/Explosion/Explosion_00047.png
  artifactKey: Guid(3045a8587bf0c5544aad16e73c757af0) Importer(815301076,1909f56bfc062723c751e8b465ee728b)
Start importing Assets/Sprites/Explosion/Explosion_00047.png using Guid(3045a8587bf0c5544aad16e73c757af0) Importer(815301076,1909f56bfc062723c751e8b465ee728b)  -> (artifact id: '367b2c7a8e1607046023b073867a79ac') in 0.012636 seconds
Number of updated asset objects reloaded before import = 0
Number of asset objects unloaded after import = 3
========================================================================
Received Import Request.
  Time since last request: 0.000013 seconds.
  path: Assets/Sprites/Explosion/Explosion_00143.png
  artifactKey: Guid(030eeeb2883139143b64d84863a7a0d9) Importer(815301076,1909f56bfc062723c751e8b465ee728b)
Start importing Assets/Sprites/Explosion/Explosion_00143.png using Guid(030eeeb2883139143b64d84863a7a0d9) Importer(815301076,1909f56bfc062723c751e8b465ee728b)  -> (artifact id: '83fa6ed601ceeeba37d4608ff3a49705') in 0.011182 seconds
Number of updated asset objects reloaded before import = 0
Number of asset objects unloaded after import = 3
========================================================================
Received Import Request.
  Time since last request: 0.000012 seconds.
  path: Assets/Sprites/Explosion/Explosion_00132.png
  artifactKey: Guid(c0529ca31e7c36249b1818ed2e195e1a) Importer(815301076,1909f56bfc062723c751e8b465ee728b)
Start importing Assets/Sprites/Explosion/Explosion_00132.png using Guid(c0529ca31e7c36249b1818ed2e195e1a) Importer(815301076,1909f56bfc062723c751e8b465ee728b)  -> (artifact id: '054a4dc4cae3e09fa765482f9b226b24') in 0.012182 seconds
Number of updated asset objects reloaded before import = 0
Number of asset objects unloaded after import = 3
========================================================================
Received Import Request.
  Time since last request: 0.000013 seconds.
  path: Assets/Sprites/Explosion/Explosion_00079.png
  artifactKey: Guid(d6c8be9c1ae26ea41907d12783d6d463) Importer(815301076,1909f56bfc062723c751e8b465ee728b)
Start importing Assets/Sprites/Explosion/Explosion_00079.png using Guid(d6c8be9c1ae26ea41907d12783d6d463) Importer(815301076,1909f56bfc062723c751e8b465ee728b)  -> (artifact id: 'e69cd4401c98de4e481d2a0cc95f93f2') in 0.014137 seconds
Number of updated asset objects reloaded before import = 0
Number of asset objects unloaded after import = 3
========================================================================
Received Import Request.
  Time since last request: 0.000012 seconds.
  path: Assets/Sprites/Explosion/Explosion_00117.png
  artifactKey: Guid(787c152913826da408b8b1b9e0ec8c6b) Importer(815301076,1909f56bfc062723c751e8b465ee728b)
Start importing Assets/Sprites/Explosion/Explosion_00117.png using Guid(787c152913826da408b8b1b9e0ec8c6b) Importer(815301076,1909f56bfc062723c751e8b465ee728b)  -> (artifact id: '65d77306a876f0cf633eb7e02990bbc1') in 0.011945 seconds
Number of updated asset objects reloaded before import = 0
Number of asset objects unloaded after import = 3
========================================================================
Received Import Request.
  Time since last request: 0.000011 seconds.
  path: Assets/Sprites/Explosion/Explosion_00038.png
  artifactKey: Guid(7ef9d02dc89fbf14da4786431d8c30c1) Importer(815301076,1909f56bfc062723c751e8b465ee728b)
Start importing Assets/Sprites/Explosion/Explosion_00038.png using Guid(7ef9d02dc89fbf14da4786431d8c30c1) Importer(815301076,1909f56bfc062723c751e8b465ee728b)  -> (artifact id: '8acbea6032db75883fba301ac15ba9fd') in 0.014471 seconds
Number of updated asset objects reloaded before import = 0
Number of asset objects unloaded after import = 3
========================================================================
Received Import Request.
  Time since last request: 0.000018 seconds.
  path: Assets/Sprites/Explosion/Explosion_00151.png
  artifactKey: Guid(c1e1441a18456ef4f87c00578d751a4e) Importer(815301076,1909f56bfc062723c751e8b465ee728b)
Start importing Assets/Sprites/Explosion/Explosion_00151.png using Guid(c1e1441a18456ef4f87c00578d751a4e) Importer(815301076,1909f56bfc062723c751e8b465ee728b)  -> (artifact id: '9912cb30e6988122a32a3f1634cd0880') in 0.012181 seconds
Number of updated asset objects reloaded before import = 0
Number of asset objects unloaded after import = 3
========================================================================
Received Import Request.
  Time since last request: 0.000015 seconds.
  path: Assets/Sprites/Explosion/Explosion_00142.png
  artifactKey: Guid(deae5543e8cf1e9418a228a7eb110c2f) Importer(815301076,1909f56bfc062723c751e8b465ee728b)
Start importing Assets/Sprites/Explosion/Explosion_00142.png using Guid(deae5543e8cf1e9418a228a7eb110c2f) Importer(815301076,1909f56bfc062723c751e8b465ee728b)  -> (artifact id: 'a43c4f78025711cf7b683cc818f506e2') in 0.012582 seconds
Number of updated asset objects reloaded before import = 0
Number of asset objects unloaded after import = 3
========================================================================
Received Import Request.
  Time since last request: 0.000015 seconds.
  path: Assets/Sprites/Explosion/Explosion_00100.png
  artifactKey: Guid(2be62df2266fb964abcb127370f77b2c) Importer(815301076,1909f56bfc062723c751e8b465ee728b)
Start importing Assets/Sprites/Explosion/Explosion_00100.png using Guid(2be62df2266fb964abcb127370f77b2c) Importer(815301076,1909f56bfc062723c751e8b465ee728b)  -> (artifact id: '422f41f22298f2f5e913ed2069e983fe') in 0.013315 seconds
Number of updated asset objects reloaded before import = 0
Number of asset objects unloaded after import = 3
========================================================================
Received Import Request.
  Time since last request: 0.000015 seconds.
  path: Assets/Sprites/Explosion/Explosion_00027.png
  artifactKey: Guid(8cdee4b946ad1c34daf7cf87df7a4db7) Importer(815301076,1909f56bfc062723c751e8b465ee728b)
Start importing Assets/Sprites/Explosion/Explosion_00027.png using Guid(8cdee4b946ad1c34daf7cf87df7a4db7) Importer(815301076,1909f56bfc062723c751e8b465ee728b)  -> (artifact id: 'de64540d540e2c7526630bf54fe0c404') in 0.012388 seconds
Number of updated asset objects reloaded before import = 0
Number of asset objects unloaded after import = 3
========================================================================
Received Import Request.
  Time since last request: 0.000011 seconds.
  path: Assets/Sprites/Explosion/Explosion_00067.png
  artifactKey: Guid(77bb8de148681054690dbff962ee35e0) Importer(815301076,1909f56bfc062723c751e8b465ee728b)
Start importing Assets/Sprites/Explosion/Explosion_00067.png using Guid(77bb8de148681054690dbff962ee35e0) Importer(815301076,1909f56bfc062723c751e8b465ee728b)  -> (artifact id: 'a9e8c4ce3f18f330c40da9d76e08dc3c') in 0.010514 seconds
Number of updated asset objects reloaded before import = 0
Number of asset objects unloaded after import = 3
========================================================================
Received Import Request.
  Time since last request: 0.000011 seconds.
  path: Assets/Sprites/Explosion/Explosion_00144.png
  artifactKey: Guid(2f224a7dcf5503d4a8deea18b7b74a9d) Importer(815301076,1909f56bfc062723c751e8b465ee728b)
Start importing Assets/Sprites/Explosion/Explosion_00144.png using Guid(2f224a7dcf5503d4a8deea18b7b74a9d) Importer(815301076,1909f56bfc062723c751e8b465ee728b)  -> (artifact id: 'e401e795dcad35fe75a87316144f5d6b') in 0.010149 seconds
Number of updated asset objects reloaded before import = 0
Number of asset objects unloaded after import = 3
========================================================================
Received Import Request.
  Time since last request: 0.000017 seconds.
  path: Assets/Sprites/Explosion/Explosion_00104.png
  artifactKey: Guid(0319ed87329e80340ad278093883dc1f) Importer(815301076,1909f56bfc062723c751e8b465ee728b)
Start importing Assets/Sprites/Explosion/Explosion_00104.png using Guid(0319ed87329e80340ad278093883dc1f) Importer(815301076,1909f56bfc062723c751e8b465ee728b)  -> (artifact id: '42c62807525f871870811f10ed5ff433') in 0.009491 seconds
Number of updated asset objects reloaded before import = 0
Number of asset objects unloaded after import = 3
========================================================================
Received Import Request.
  Time since last request: 0.000020 seconds.
  path: Assets/Sprites/Explosion/Explosion_00036.png
  artifactKey: Guid(0ed6ed1f7c16ded4aa08c0194a6e4ee6) Importer(815301076,1909f56bfc062723c751e8b465ee728b)
Start importing Assets/Sprites/Explosion/Explosion_00036.png using Guid(0ed6ed1f7c16ded4aa08c0194a6e4ee6) Importer(815301076,1909f56bfc062723c751e8b465ee728b)  -> (artifact id: '42e36d0796dc2ed7b0cd1d4bc94a1f2f') in 0.011271 seconds
Number of updated asset objects reloaded before import = 0
Number of asset objects unloaded after import = 3
========================================================================
Received Import Request.
  Time since last request: 0.000012 seconds.
  path: Assets/Sprites/Explosion/Explosion_00057.png
  artifactKey: Guid(645346f8ba754cd45b773e64bf1382d0) Importer(815301076,1909f56bfc062723c751e8b465ee728b)
Start importing Assets/Sprites/Explosion/Explosion_00057.png using Guid(645346f8ba754cd45b773e64bf1382d0) Importer(815301076,1909f56bfc062723c751e8b465ee728b)  -> (artifact id: '742daa50abc47fade834f78252838d8c') in 0.011225 seconds
Number of updated asset objects reloaded before import = 0
Number of asset objects unloaded after import = 3
========================================================================
Received Import Request.
  Time since last request: 0.000012 seconds.
  path: Assets/Sprites/Explosion/Explosion_00121.png
  artifactKey: Guid(3634ec3b3b7a4024d8b725a026567ca1) Importer(815301076,1909f56bfc062723c751e8b465ee728b)
Start importing Assets/Sprites/Explosion/Explosion_00121.png using Guid(3634ec3b3b7a4024d8b725a026567ca1) Importer(815301076,1909f56bfc062723c751e8b465ee728b)  -> (artifact id: '0df83e1f23216ddac6549fbb014d41bc') in 0.011822 seconds
Number of updated asset objects reloaded before import = 0
Number of asset objects unloaded after import = 3
========================================================================
Received Import Request.
  Time since last request: 0.000014 seconds.
  path: Assets/Sprites/Explosion/Explosion_00065.png
  artifactKey: Guid(b347eb408606b354890a4e0f9e391db1) Importer(815301076,1909f56bfc062723c751e8b465ee728b)
Start importing Assets/Sprites/Explosion/Explosion_00065.png using Guid(b347eb408606b354890a4e0f9e391db1) Importer(815301076,1909f56bfc062723c751e8b465ee728b)  -> (artifact id: '9f34ef34081940e26185953bad8b3d4f') in 0.011790 seconds
Number of updated asset objects reloaded before import = 0
Number of asset objects unloaded after import = 3
========================================================================
Received Import Request.
  Time since last request: 0.000012 seconds.
  path: Assets/Sprites/Explosion/Explosion_00125.png
  artifactKey: Guid(6a025a7e6944b294ca475c33aa855f76) Importer(815301076,1909f56bfc062723c751e8b465ee728b)
Start importing Assets/Sprites/Explosion/Explosion_00125.png using Guid(6a025a7e6944b294ca475c33aa855f76) Importer(815301076,1909f56bfc062723c751e8b465ee728b)  -> (artifact id: '1eb8febc17fcbf5642622e10a64af42a') in 0.010543 seconds
Number of updated asset objects reloaded before import = 0
Number of asset objects unloaded after import = 3
========================================================================
Received Import Request.
  Time since last request: 0.000014 seconds.
  path: Assets/Sprites/Explosion/Explosion_00148.png
  artifactKey: Guid(4641b2a2bc9c90d45acee9205aaf2c00) Importer(815301076,1909f56bfc062723c751e8b465ee728b)
Start importing Assets/Sprites/Explosion/Explosion_00148.png using Guid(4641b2a2bc9c90d45acee9205aaf2c00) Importer(815301076,1909f56bfc062723c751e8b465ee728b)  -> (artifact id: '69677529a7dbb60457238a0bdfe259d2') in 0.009336 seconds
Number of updated asset objects reloaded before import = 0
Number of asset objects unloaded after import = 3
========================================================================
Received Import Request.
  Time since last request: 0.000015 seconds.
  path: Assets/Sprites/Explosion/Explosion_00011.png
  artifactKey: Guid(506a3f42269a87d44a2d1d1aed9ad4d4) Importer(815301076,1909f56bfc062723c751e8b465ee728b)
Start importing Assets/Sprites/Explosion/Explosion_00011.png using Guid(506a3f42269a87d44a2d1d1aed9ad4d4) Importer(815301076,1909f56bfc062723c751e8b465ee728b)  -> (artifact id: 'a4c73c0043f266b78952ff2caed56fb8') in 0.011306 seconds
Number of updated asset objects reloaded before import = 0
Number of asset objects unloaded after import = 3
========================================================================
Received Import Request.
  Time since last request: 0.000014 seconds.
  path: Assets/Sprites/Explosion/Explosion_00060.png
  artifactKey: Guid(46290263cc607a04b97b109f47870ee8) Importer(815301076,1909f56bfc062723c751e8b465ee728b)
Start importing Assets/Sprites/Explosion/Explosion_00060.png using Guid(46290263cc607a04b97b109f47870ee8) Importer(815301076,1909f56bfc062723c751e8b465ee728b)  -> (artifact id: '829a3218d3a4a530fbe97aa40413f11d') in 0.012911 seconds
Number of updated asset objects reloaded before import = 0
Number of asset objects unloaded after import = 3
========================================================================
Received Import Request.
  Time since last request: 0.000013 seconds.
  path: Assets/Sprites/Explosion/Explosion_00146.png
  artifactKey: Guid(b9f7d6a80c85003468c803a17f3000b9) Importer(815301076,1909f56bfc062723c751e8b465ee728b)
Start importing Assets/Sprites/Explosion/Explosion_00146.png using Guid(b9f7d6a80c85003468c803a17f3000b9) Importer(815301076,1909f56bfc062723c751e8b465ee728b)  -> (artifact id: 'a48e9bb42fcb20041114244778cfebad') in 0.011191 seconds
Number of updated asset objects reloaded before import = 0
Number of asset objects unloaded after import = 3
========================================================================
Received Import Request.
  Time since last request: 0.000013 seconds.
  path: Assets/Sprites/Explosion/Explosion_00088.png
  artifactKey: Guid(24d861b8c1a806a44b999f630d8f0ad4) Importer(815301076,1909f56bfc062723c751e8b465ee728b)
Start importing Assets/Sprites/Explosion/Explosion_00088.png using Guid(24d861b8c1a806a44b999f630d8f0ad4) Importer(815301076,1909f56bfc062723c751e8b465ee728b)  -> (artifact id: '742ddb57678661639a7bd86acea9ab3a') in 0.011651 seconds
Number of updated asset objects reloaded before import = 0
Number of asset objects unloaded after import = 3
========================================================================
Received Import Request.
  Time since last request: 0.000013 seconds.
  path: Assets/Sprites/Explosion/Explosion_00122.png
  artifactKey: Guid(606321d419d8c804895fb868392e9f2e) Importer(815301076,1909f56bfc062723c751e8b465ee728b)
Start importing Assets/Sprites/Explosion/Explosion_00122.png using Guid(606321d419d8c804895fb868392e9f2e) Importer(815301076,1909f56bfc062723c751e8b465ee728b)  -> (artifact id: '53954a8cb5bb3f39af61bd93be188b85') in 0.009190 seconds
Number of updated asset objects reloaded before import = 0
Number of asset objects unloaded after import = 3
========================================================================
Received Import Request.
  Time since last request: 0.000016 seconds.
  path: Assets/Sprites/Explosion/Explosion_00078.png
  artifactKey: Guid(0685c67e38101af459812ceb08626e4d) Importer(815301076,1909f56bfc062723c751e8b465ee728b)
Start importing Assets/Sprites/Explosion/Explosion_00078.png using Guid(0685c67e38101af459812ceb08626e4d) Importer(815301076,1909f56bfc062723c751e8b465ee728b)  -> (artifact id: '752f7781fc48941201c8008a433ff640') in 0.011862 seconds
Number of updated asset objects reloaded before import = 0
Number of asset objects unloaded after import = 3
========================================================================
Received Import Request.
  Time since last request: 0.000015 seconds.
  path: Assets/Sprites/Explosion/Explosion_00068.png
  artifactKey: Guid(ac9f28696546f8f4f98ac291dfb66527) Importer(815301076,1909f56bfc062723c751e8b465ee728b)
Start importing Assets/Sprites/Explosion/Explosion_00068.png using Guid(ac9f28696546f8f4f98ac291dfb66527) Importer(815301076,1909f56bfc062723c751e8b465ee728b)  -> (artifact id: '898e7672270049b1dd5d2d882404c6d4') in 0.011938 seconds
Number of updated asset objects reloaded before import = 0
Number of asset objects unloaded after import = 3
========================================================================
Received Import Request.
  Time since last request: 0.000010 seconds.
  path: Assets/Sprites/Explosion/Explosion_00093.png
  artifactKey: Guid(c048d1ee5aeecfa4fb1c55555f26156b) Importer(815301076,1909f56bfc062723c751e8b465ee728b)
Start importing Assets/Sprites/Explosion/Explosion_00093.png using Guid(c048d1ee5aeecfa4fb1c55555f26156b) Importer(815301076,1909f56bfc062723c751e8b465ee728b)  -> (artifact id: '6d295499ffe151423d6fd41c71050317') in 0.010763 seconds
Number of updated asset objects reloaded before import = 0
Number of asset objects unloaded after import = 3
========================================================================
Received Import Request.
  Time since last request: 0.000011 seconds.
  path: Assets/Sprites/Explosion/Explosion_00098.png
  artifactKey: Guid(92a0aa3dde0a6c34ca4cbbac5106b490) Importer(815301076,1909f56bfc062723c751e8b465ee728b)
Start importing Assets/Sprites/Explosion/Explosion_00098.png using Guid(92a0aa3dde0a6c34ca4cbbac5106b490) Importer(815301076,1909f56bfc062723c751e8b465ee728b)  -> (artifact id: 'bf24769b70972ede52564751c2c10298') in 0.011068 seconds
Number of updated asset objects reloaded before import = 0
Number of asset objects unloaded after import = 3
========================================================================
Received Import Request.
  Time since last request: 0.000010 seconds.
  path: Assets/Sprites/Explosion/Explosion_00134.png
  artifactKey: Guid(6fbeb5cf28ecb354f80b4c9fe904b36a) Importer(815301076,1909f56bfc062723c751e8b465ee728b)
Start importing Assets/Sprites/Explosion/Explosion_00134.png using Guid(6fbeb5cf28ecb354f80b4c9fe904b36a) Importer(815301076,1909f56bfc062723c751e8b465ee728b)  -> (artifact id: '5cd3c50638390589c3bbd7b6b4e4cabb') in 0.010317 seconds
Number of updated asset objects reloaded before import = 0
Number of asset objects unloaded after import = 3
========================================================================
Received Import Request.
  Time since last request: 0.000015 seconds.
  path: Assets/Sprites/Explosion/Explosion_00138.png
  artifactKey: Guid(a047a27a9fddf1349830e4aafc1e92f1) Importer(815301076,1909f56bfc062723c751e8b465ee728b)
Start importing Assets/Sprites/Explosion/Explosion_00138.png using Guid(a047a27a9fddf1349830e4aafc1e92f1) Importer(815301076,1909f56bfc062723c751e8b465ee728b)  -> (artifact id: 'bc22d125826ccd2bfca2c2382a904cde') in 0.010537 seconds
Number of updated asset objects reloaded before import = 0
Number of asset objects unloaded after import = 3
========================================================================
Received Import Request.
  Time since last request: 0.000011 seconds.
  path: Assets/Sprites/Explosion/Explosion_00044.png
  artifactKey: Guid(3346a4f77f40e494d821813159d94e89) Importer(815301076,1909f56bfc062723c751e8b465ee728b)
Start importing Assets/Sprites/Explosion/Explosion_00044.png using Guid(3346a4f77f40e494d821813159d94e89) Importer(815301076,1909f56bfc062723c751e8b465ee728b)  -> (artifact id: '9d6333928905eb711a8429b96b2d4037') in 0.011262 seconds
Number of updated asset objects reloaded before import = 0
Number of asset objects unloaded after import = 3
========================================================================
Received Import Request.
  Time since last request: 0.000011 seconds.
  path: Assets/Sprites/Explosion/Explosion_00064.png
  artifactKey: Guid(60cb34267af8f144c9bc81b074b8645d) Importer(815301076,1909f56bfc062723c751e8b465ee728b)
Start importing Assets/Sprites/Explosion/Explosion_00064.png using Guid(60cb34267af8f144c9bc81b074b8645d) Importer(815301076,1909f56bfc062723c751e8b465ee728b)  -> (artifact id: '833635f8a34de478c3db49318da78421') in 0.012104 seconds
Number of updated asset objects reloaded before import = 0
Number of asset objects unloaded after import = 3
========================================================================
Received Import Request.
  Time since last request: 0.000013 seconds.
  path: Assets/Sprites/Explosion/Explosion_00069.png
  artifactKey: Guid(b002c13d7e6f2b448b8028076fcb915c) Importer(815301076,1909f56bfc062723c751e8b465ee728b)
Start importing Assets/Sprites/Explosion/Explosion_00069.png using Guid(b002c13d7e6f2b448b8028076fcb915c) Importer(815301076,1909f56bfc062723c751e8b465ee728b)  -> (artifact id: '6b1c1aee345298a387d239664bfb021e') in 0.012266 seconds
Number of updated asset objects reloaded before import = 0
Number of asset objects unloaded after import = 3
========================================================================
Received Import Request.
  Time since last request: 0.000018 seconds.
  path: Assets/Sprites/Explosion/Explosion_00041.png
  artifactKey: Guid(12062358907b6e049aaadbdac3358a9c) Importer(815301076,1909f56bfc062723c751e8b465ee728b)
Start importing Assets/Sprites/Explosion/Explosion_00041.png using Guid(12062358907b6e049aaadbdac3358a9c) Importer(815301076,1909f56bfc062723c751e8b465ee728b)  -> (artifact id: '3bcb1193521c627d30ddfa42d409edcd') in 0.011925 seconds
Number of updated asset objects reloaded before import = 0
Number of asset objects unloaded after import = 3
Editor requested this worker to shutdown with reason: Scaling down because of idle timeout
TcpMessagingSession - receive error: operation aborted. errorcode: 995, details: The I/O operation has been aborted because of either a thread exit or an application request.
AssetImportWorker is now disconnected from the server
Process exiting
Exiting without the bug reporter. Application will terminate with return code 0